#
# There is insufficient memory for the Java Runtime Environment to continue.
# Native memory allocation (malloc) failed to allocate 144336 bytes for Chunk::new
# Possible reasons:
#   The system is out of physical RAM or swap space
#   The process is running with CompressedOops enabled, and the Java Heap may be blocking the growth of the native heap
# Possible solutions:
#   Reduce memory load on the system
#   Increase physical memory or swap space
#   Check if swap backing store is full
#   Decrease Java heap size (-Xmx/-Xms)
#   Decrease number of Java threads
#   Decrease Java thread stack sizes (-Xss)
#   Set larger code cache with -XX:ReservedCodeCacheSize=
#   JVM is running with Unscaled Compressed Oops mode in which the Java heap is
#     placed in the first 4GB address space. The Java Heap base address is the
#     maximum limit for the native heap growth. Please use -XX:HeapBaseMinAddress
#     to set the Java Heap base and to place the Java Heap above 4GB virtual address.
# This output file may be truncated or incomplete.
#
#  Out of Memory Error (arena.cpp:189), pid=13044, tid=34856
#
# JRE version: OpenJDK Runtime Environment Temurin-17.0.2+8 (17.0.2+8) (build 17.0.2+8)
# Java VM: OpenJDK 64-Bit Server VM Temurin-17.0.2+8 (17.0.2+8, mixed mode, tiered, compressed oops, compressed class ptrs, g1 gc, windows-amd64)
# No core dump will be written. Minidumps are not enabled by default on client versions of Windows
#

---------------  S U M M A R Y ------------

Command Line: -Dfile.encoding=MS932 --module-path=C:\Users\upl_member\Desktop\Pokemon\education-2022\POKE\bin -XX:+ShowCodeDetailsInExceptionMessages -Djdk.module.main=POKE POKE/pokemon.Main

Host: Intel(R) Core(TM) i5-1035G7 CPU @ 1.20GHz, 8 cores, 7G,  Windows 10 , 64 bit Build 18362 (10.0.18362.1500)
Time: Thu Apr 21 13:03:28 2022 “Œ‹ž (•W€Žž) elapsed time: 0.163532 seconds (0d 0h 0m 0s)

---------------  T H R E A D  ---------------

Current thread (0x0000021610413b60):  JavaThread "C2 CompilerThread0" daemon [_thread_in_native, id=34856, stack(0x0000004d57a00000,0x0000004d57b00000)]


Current CompileTask:
C2:    163  173       4       java.util.HashMap::putVal (300 bytes)

Stack: [0x0000004d57a00000,0x0000004d57b00000]
Native frames: (J=compiled Java code, j=interpreted, Vv=VM code, C=native code)
V  [jvm.dll+0x67564a]
V  [jvm.dll+0x82fc04]
V  [jvm.dll+0x8313ae]
V  [jvm.dll+0x831a13]
V  [jvm.dll+0x245235]
V  [jvm.dll+0xabd7b]
V  [jvm.dll+0xac30c]
V  [jvm.dll+0x3631a2]
V  [jvm.dll+0x32d891]
V  [jvm.dll+0x32cd3a]
V  [jvm.dll+0x2180d1]
V  [jvm.dll+0x2174f1]
V  [jvm.dll+0x1a3a8d]
V  [jvm.dll+0x226ef8]
V  [jvm.dll+0x22503c]
V  [jvm.dll+0x7e596b]
V  [jvm.dll+0x7dff2a]
V  [jvm.dll+0x6744d5]
C  [ucrtbase.dll+0x210b2]
C  [KERNEL32.DLL+0x17c24]
C  [ntdll.dll+0x6d721]


---------------  P R O C E S S  ---------------

Threads class SMR info:
_java_thread_list=0x0000021610685e30, length=12, elements={
0x0000021675bee360, 0x000002160f905520, 0x000002160f906c50, 0x000002160f96db30,
0x000002160f96e3f0, 0x000002160f94e800, 0x000002160f950870, 0x0000021610413b60,
0x0000021610414cb0, 0x0000021610415d90, 0x000002160f8a0330, 0x00000216106b4020
}

Java Threads: ( => current thread )
  0x0000021675bee360 JavaThread "main" [_thread_in_vm, id=37664, stack(0x0000004d56d00000,0x0000004d56e00000)]
  0x000002160f905520 JavaThread "Reference Handler" daemon [_thread_blocked, id=31092, stack(0x0000004d57400000,0x0000004d57500000)]
  0x000002160f906c50 JavaThread "Finalizer" daemon [_thread_blocked, id=29648, stack(0x0000004d57500000,0x0000004d57600000)]
  0x000002160f96db30 JavaThread "Signal Dispatcher" daemon [_thread_blocked, id=30896, stack(0x0000004d57600000,0x0000004d57700000)]
  0x000002160f96e3f0 JavaThread "Attach Listener" daemon [_thread_blocked, id=12768, stack(0x0000004d57700000,0x0000004d57800000)]
  0x000002160f94e800 JavaThread "Service Thread" daemon [_thread_blocked, id=3480, stack(0x0000004d57800000,0x0000004d57900000)]
  0x000002160f950870 JavaThread "Monitor Deflation Thread" daemon [_thread_blocked, id=32188, stack(0x0000004d57900000,0x0000004d57a00000)]
=>0x0000021610413b60 JavaThread "C2 CompilerThread0" daemon [_thread_in_native, id=34856, stack(0x0000004d57a00000,0x0000004d57b00000)]
  0x0000021610414cb0 JavaThread "C1 CompilerThread0" daemon [_thread_blocked, id=38400, stack(0x0000004d57b00000,0x0000004d57c00000)]
  0x0000021610415d90 JavaThread "Sweeper thread" daemon [_thread_blocked, id=33264, stack(0x0000004d57c00000,0x0000004d57d00000)]
  0x000002160f8a0330 JavaThread "Common-Cleaner" daemon [_thread_blocked, id=6596, stack(0x0000004d57d00000,0x0000004d57e00000)]
  0x00000216106b4020 JavaThread "Notification Thread" daemon [_thread_blocked, id=10424, stack(0x0000004d57e00000,0x0000004d57f00000)]

Other Threads:
  0x000002160f91da10 VMThread "VM Thread" [stack: 0x0000004d57300000,0x0000004d57400000] [id=24176]
  0x0000021675c46b40 WatcherThread [stack: 0x0000004d57f00000,0x0000004d58000000] [id=28744]
  0x0000021675c2cd90 GCTaskThread "GC Thread#0" [stack: 0x0000004d56e00000,0x0000004d56f00000] [id=20568]
  0x0000021675c3d010 ConcurrentGCThread "G1 Main Marker" [stack: 0x0000004d56f00000,0x0000004d57000000] [id=18012]
  0x0000021675c3e230 ConcurrentGCThread "G1 Conc#0" [stack: 0x0000004d57000000,0x0000004d57100000] [id=23272]
  0x0000021675cb8e30 ConcurrentGCThread "G1 Refine#0" [stack: 0x0000004d57100000,0x0000004d57200000] [id=21348]
  0x0000021675cb9850 ConcurrentGCThread "G1 Service" [stack: 0x0000004d57200000,0x0000004d57300000] [id=12488]

Threads with active compile tasks:
C2 CompilerThread0      174  173       4       java.util.HashMap::putVal (300 bytes)

VM state: not at safepoint (normal execution)

VM Mutex/Monitor currently owned by a thread:  ([mutex/lock_event])
[0x0000021675be81a0] Metaspace_lock - owner thread: 0x0000021675bee360

Heap address: 0x0000000086600000, size: 1946 MB, Compressed Oops mode: 32-bit

CDS archive(s) not mapped
Compressed class space mapped at: 0x0000000100000000-0x0000000140000000, reserved size: 1073741824
Narrow klass base: 0x0000000000000000, Narrow klass shift: 3, Narrow klass range: 0x140000000

GC Precious Log:
 CPUs: 8 total, 8 available
 Memory: 7778M
 Large Page Support: Disabled
 NUMA Support: Disabled
 Compressed Oops: Enabled (32-bit)
 Heap Region Size: 1M
 Heap Min Capacity: 8M
 Heap Initial Capacity: 122M
 Heap Max Capacity: 1946M
 Pre-touch: Disabled
 Parallel Workers: 8
 Concurrent Workers: 2
 Concurrent Refinement Workers: 8
 Periodic GC: Disabled

Heap:
 garbage-first heap   total 124928K, used 2048K [0x0000000086600000, 0x0000000100000000)
  region size 1024K, 3 young (3072K), 0 survivors (0K)
 Metaspace       used 6181K, committed 6336K, reserved 1056768K
  class space    used 535K, committed 576K, reserved 1048576K

Heap Regions: E=young(eden), S=young(survivor), O=old, HS=humongous(starts), HC=humongous(continues), CS=collection set, F=free, OA=open archive, CA=closed archive, TAMS=top-at-mark-start (previous, next)
|   0|0x0000000086600000, 0x0000000086600000, 0x0000000086700000|  0%| F|  |TAMS 0x0000000086600000, 0x0000000086600000| Untracked 
|   1|0x0000000086700000, 0x0000000086700000, 0x0000000086800000|  0%| F|  |TAMS 0x0000000086700000, 0x0000000086700000| Untracked 
|   2|0x0000000086800000, 0x0000000086800000, 0x0000000086900000|  0%| F|  |TAMS 0x0000000086800000, 0x0000000086800000| Untracked 
|   3|0x0000000086900000, 0x0000000086900000, 0x0000000086a00000|  0%| F|  |TAMS 0x0000000086900000, 0x0000000086900000| Untracked 
|   4|0x0000000086a00000, 0x0000000086a00000, 0x0000000086b00000|  0%| F|  |TAMS 0x0000000086a00000, 0x0000000086a00000| Untracked 
|   5|0x0000000086b00000, 0x0000000086b00000, 0x0000000086c00000|  0%| F|  |TAMS 0x0000000086b00000, 0x0000000086b00000| Untracked 
|   6|0x0000000086c00000, 0x0000000086c00000, 0x0000000086d00000|  0%| F|  |TAMS 0x0000000086c00000, 0x0000000086c00000| Untracked 
|   7|0x0000000086d00000, 0x0000000086d00000, 0x0000000086e00000|  0%| F|  |TAMS 0x0000000086d00000, 0x0000000086d00000| Untracked 
|   8|0x0000000086e00000, 0x0000000086e00000, 0x0000000086f00000|  0%| F|  |TAMS 0x0000000086e00000, 0x0000000086e00000| Untracked 
|   9|0x0000000086f00000, 0x0000000086f00000, 0x0000000087000000|  0%| F|  |TAMS 0x0000000086f00000, 0x0000000086f00000| Untracked 
|  10|0x0000000087000000, 0x0000000087000000, 0x0000000087100000|  0%| F|  |TAMS 0x0000000087000000, 0x0000000087000000| Untracked 
|  11|0x0000000087100000, 0x0000000087100000, 0x0000000087200000|  0%| F|  |TAMS 0x0000000087100000, 0x0000000087100000| Untracked 
|  12|0x0000000087200000, 0x0000000087200000, 0x0000000087300000|  0%| F|  |TAMS 0x0000000087200000, 0x0000000087200000| Untracked 
|  13|0x0000000087300000, 0x0000000087300000, 0x0000000087400000|  0%| F|  |TAMS 0x0000000087300000, 0x0000000087300000| Untracked 
|  14|0x0000000087400000, 0x0000000087400000, 0x0000000087500000|  0%| F|  |TAMS 0x0000000087400000, 0x0000000087400000| Untracked 
|  15|0x0000000087500000, 0x0000000087500000, 0x0000000087600000|  0%| F|  |TAMS 0x0000000087500000, 0x0000000087500000| Untracked 
|  16|0x0000000087600000, 0x0000000087600000, 0x0000000087700000|  0%| F|  |TAMS 0x0000000087600000, 0x0000000087600000| Untracked 
|  17|0x0000000087700000, 0x0000000087700000, 0x0000000087800000|  0%| F|  |TAMS 0x0000000087700000, 0x0000000087700000| Untracked 
|  18|0x0000000087800000, 0x0000000087800000, 0x0000000087900000|  0%| F|  |TAMS 0x0000000087800000, 0x0000000087800000| Untracked 
|  19|0x0000000087900000, 0x0000000087900000, 0x0000000087a00000|  0%| F|  |TAMS 0x0000000087900000, 0x0000000087900000| Untracked 
|  20|0x0000000087a00000, 0x0000000087a00000, 0x0000000087b00000|  0%| F|  |TAMS 0x0000000087a00000, 0x0000000087a00000| Untracked 
|  21|0x0000000087b00000, 0x0000000087b00000, 0x0000000087c00000|  0%| F|  |TAMS 0x0000000087b00000, 0x0000000087b00000| Untracked 
|  22|0x0000000087c00000, 0x0000000087c00000, 0x0000000087d00000|  0%| F|  |TAMS 0x0000000087c00000, 0x0000000087c00000| Untracked 
|  23|0x0000000087d00000, 0x0000000087d00000, 0x0000000087e00000|  0%| F|  |TAMS 0x0000000087d00000, 0x0000000087d00000| Untracked 
|  24|0x0000000087e00000, 0x0000000087e00000, 0x0000000087f00000|  0%| F|  |TAMS 0x0000000087e00000, 0x0000000087e00000| Untracked 
|  25|0x0000000087f00000, 0x0000000087f00000, 0x0000000088000000|  0%| F|  |TAMS 0x0000000087f00000, 0x0000000087f00000| Untracked 
|  26|0x0000000088000000, 0x0000000088000000, 0x0000000088100000|  0%| F|  |TAMS 0x0000000088000000, 0x0000000088000000| Untracked 
|  27|0x0000000088100000, 0x0000000088100000, 0x0000000088200000|  0%| F|  |TAMS 0x0000000088100000, 0x0000000088100000| Untracked 
|  28|0x0000000088200000, 0x0000000088200000, 0x0000000088300000|  0%| F|  |TAMS 0x0000000088200000, 0x0000000088200000| Untracked 
|  29|0x0000000088300000, 0x0000000088300000, 0x0000000088400000|  0%| F|  |TAMS 0x0000000088300000, 0x0000000088300000| Untracked 
|  30|0x0000000088400000, 0x0000000088400000, 0x0000000088500000|  0%| F|  |TAMS 0x0000000088400000, 0x0000000088400000| Untracked 
|  31|0x0000000088500000, 0x0000000088500000, 0x0000000088600000|  0%| F|  |TAMS 0x0000000088500000, 0x0000000088500000| Untracked 
|  32|0x0000000088600000, 0x0000000088600000, 0x0000000088700000|  0%| F|  |TAMS 0x0000000088600000, 0x0000000088600000| Untracked 
|  33|0x0000000088700000, 0x0000000088700000, 0x0000000088800000|  0%| F|  |TAMS 0x0000000088700000, 0x0000000088700000| Untracked 
|  34|0x0000000088800000, 0x0000000088800000, 0x0000000088900000|  0%| F|  |TAMS 0x0000000088800000, 0x0000000088800000| Untracked 
|  35|0x0000000088900000, 0x0000000088900000, 0x0000000088a00000|  0%| F|  |TAMS 0x0000000088900000, 0x0000000088900000| Untracked 
|  36|0x0000000088a00000, 0x0000000088a00000, 0x0000000088b00000|  0%| F|  |TAMS 0x0000000088a00000, 0x0000000088a00000| Untracked 
|  37|0x0000000088b00000, 0x0000000088b00000, 0x0000000088c00000|  0%| F|  |TAMS 0x0000000088b00000, 0x0000000088b00000| Untracked 
|  38|0x0000000088c00000, 0x0000000088c00000, 0x0000000088d00000|  0%| F|  |TAMS 0x0000000088c00000, 0x0000000088c00000| Untracked 
|  39|0x0000000088d00000, 0x0000000088d00000, 0x0000000088e00000|  0%| F|  |TAMS 0x0000000088d00000, 0x0000000088d00000| Untracked 
|  40|0x0000000088e00000, 0x0000000088e00000, 0x0000000088f00000|  0%| F|  |TAMS 0x0000000088e00000, 0x0000000088e00000| Untracked 
|  41|0x0000000088f00000, 0x0000000088f00000, 0x0000000089000000|  0%| F|  |TAMS 0x0000000088f00000, 0x0000000088f00000| Untracked 
|  42|0x0000000089000000, 0x0000000089000000, 0x0000000089100000|  0%| F|  |TAMS 0x0000000089000000, 0x0000000089000000| Untracked 
|  43|0x0000000089100000, 0x0000000089100000, 0x0000000089200000|  0%| F|  |TAMS 0x0000000089100000, 0x0000000089100000| Untracked 
|  44|0x0000000089200000, 0x0000000089200000, 0x0000000089300000|  0%| F|  |TAMS 0x0000000089200000, 0x0000000089200000| Untracked 
|  45|0x0000000089300000, 0x0000000089300000, 0x0000000089400000|  0%| F|  |TAMS 0x0000000089300000, 0x0000000089300000| Untracked 
|  46|0x0000000089400000, 0x0000000089400000, 0x0000000089500000|  0%| F|  |TAMS 0x0000000089400000, 0x0000000089400000| Untracked 
|  47|0x0000000089500000, 0x0000000089500000, 0x0000000089600000|  0%| F|  |TAMS 0x0000000089500000, 0x0000000089500000| Untracked 
|  48|0x0000000089600000, 0x0000000089600000, 0x0000000089700000|  0%| F|  |TAMS 0x0000000089600000, 0x0000000089600000| Untracked 
|  49|0x0000000089700000, 0x0000000089700000, 0x0000000089800000|  0%| F|  |TAMS 0x0000000089700000, 0x0000000089700000| Untracked 
|  50|0x0000000089800000, 0x0000000089800000, 0x0000000089900000|  0%| F|  |TAMS 0x0000000089800000, 0x0000000089800000| Untracked 
|  51|0x0000000089900000, 0x0000000089900000, 0x0000000089a00000|  0%| F|  |TAMS 0x0000000089900000, 0x0000000089900000| Untracked 
|  52|0x0000000089a00000, 0x0000000089a00000, 0x0000000089b00000|  0%| F|  |TAMS 0x0000000089a00000, 0x0000000089a00000| Untracked 
|  53|0x0000000089b00000, 0x0000000089b00000, 0x0000000089c00000|  0%| F|  |TAMS 0x0000000089b00000, 0x0000000089b00000| Untracked 
|  54|0x0000000089c00000, 0x0000000089c00000, 0x0000000089d00000|  0%| F|  |TAMS 0x0000000089c00000, 0x0000000089c00000| Untracked 
|  55|0x0000000089d00000, 0x0000000089d00000, 0x0000000089e00000|  0%| F|  |TAMS 0x0000000089d00000, 0x0000000089d00000| Untracked 
|  56|0x0000000089e00000, 0x0000000089e00000, 0x0000000089f00000|  0%| F|  |TAMS 0x0000000089e00000, 0x0000000089e00000| Untracked 
|  57|0x0000000089f00000, 0x0000000089f00000, 0x000000008a000000|  0%| F|  |TAMS 0x0000000089f00000, 0x0000000089f00000| Untracked 
|  58|0x000000008a000000, 0x000000008a000000, 0x000000008a100000|  0%| F|  |TAMS 0x000000008a000000, 0x000000008a000000| Untracked 
|  59|0x000000008a100000, 0x000000008a100000, 0x000000008a200000|  0%| F|  |TAMS 0x000000008a100000, 0x000000008a100000| Untracked 
|  60|0x000000008a200000, 0x000000008a200000, 0x000000008a300000|  0%| F|  |TAMS 0x000000008a200000, 0x000000008a200000| Untracked 
|  61|0x000000008a300000, 0x000000008a300000, 0x000000008a400000|  0%| F|  |TAMS 0x000000008a300000, 0x000000008a300000| Untracked 
|  62|0x000000008a400000, 0x000000008a400000, 0x000000008a500000|  0%| F|  |TAMS 0x000000008a400000, 0x000000008a400000| Untracked 
|  63|0x000000008a500000, 0x000000008a500000, 0x000000008a600000|  0%| F|  |TAMS 0x000000008a500000, 0x000000008a500000| Untracked 
|  64|0x000000008a600000, 0x000000008a600000, 0x000000008a700000|  0%| F|  |TAMS 0x000000008a600000, 0x000000008a600000| Untracked 
|  65|0x000000008a700000, 0x000000008a700000, 0x000000008a800000|  0%| F|  |TAMS 0x000000008a700000, 0x000000008a700000| Untracked 
|  66|0x000000008a800000, 0x000000008a800000, 0x000000008a900000|  0%| F|  |TAMS 0x000000008a800000, 0x000000008a800000| Untracked 
|  67|0x000000008a900000, 0x000000008a900000, 0x000000008aa00000|  0%| F|  |TAMS 0x000000008a900000, 0x000000008a900000| Untracked 
|  68|0x000000008aa00000, 0x000000008aa00000, 0x000000008ab00000|  0%| F|  |TAMS 0x000000008aa00000, 0x000000008aa00000| Untracked 
|  69|0x000000008ab00000, 0x000000008ab00000, 0x000000008ac00000|  0%| F|  |TAMS 0x000000008ab00000, 0x000000008ab00000| Untracked 
|  70|0x000000008ac00000, 0x000000008ac00000, 0x000000008ad00000|  0%| F|  |TAMS 0x000000008ac00000, 0x000000008ac00000| Untracked 
|  71|0x000000008ad00000, 0x000000008ad00000, 0x000000008ae00000|  0%| F|  |TAMS 0x000000008ad00000, 0x000000008ad00000| Untracked 
|  72|0x000000008ae00000, 0x000000008ae00000, 0x000000008af00000|  0%| F|  |TAMS 0x000000008ae00000, 0x000000008ae00000| Untracked 
|  73|0x000000008af00000, 0x000000008af00000, 0x000000008b000000|  0%| F|  |TAMS 0x000000008af00000, 0x000000008af00000| Untracked 
|  74|0x000000008b000000, 0x000000008b000000, 0x000000008b100000|  0%| F|  |TAMS 0x000000008b000000, 0x000000008b000000| Untracked 
|  75|0x000000008b100000, 0x000000008b100000, 0x000000008b200000|  0%| F|  |TAMS 0x000000008b100000, 0x000000008b100000| Untracked 
|  76|0x000000008b200000, 0x000000008b200000, 0x000000008b300000|  0%| F|  |TAMS 0x000000008b200000, 0x000000008b200000| Untracked 
|  77|0x000000008b300000, 0x000000008b300000, 0x000000008b400000|  0%| F|  |TAMS 0x000000008b300000, 0x000000008b300000| Untracked 
|  78|0x000000008b400000, 0x000000008b400000, 0x000000008b500000|  0%| F|  |TAMS 0x000000008b400000, 0x000000008b400000| Untracked 
|  79|0x000000008b500000, 0x000000008b500000, 0x000000008b600000|  0%| F|  |TAMS 0x000000008b500000, 0x000000008b500000| Untracked 
|  80|0x000000008b600000, 0x000000008b600000, 0x000000008b700000|  0%| F|  |TAMS 0x000000008b600000, 0x000000008b600000| Untracked 
|  81|0x000000008b700000, 0x000000008b700000, 0x000000008b800000|  0%| F|  |TAMS 0x000000008b700000, 0x000000008b700000| Untracked 
|  82|0x000000008b800000, 0x000000008b800000, 0x000000008b900000|  0%| F|  |TAMS 0x000000008b800000, 0x000000008b800000| Untracked 
|  83|0x000000008b900000, 0x000000008b900000, 0x000000008ba00000|  0%| F|  |TAMS 0x000000008b900000, 0x000000008b900000| Untracked 
|  84|0x000000008ba00000, 0x000000008ba00000, 0x000000008bb00000|  0%| F|  |TAMS 0x000000008ba00000, 0x000000008ba00000| Untracked 
|  85|0x000000008bb00000, 0x000000008bb00000, 0x000000008bc00000|  0%| F|  |TAMS 0x000000008bb00000, 0x000000008bb00000| Untracked 
|  86|0x000000008bc00000, 0x000000008bc00000, 0x000000008bd00000|  0%| F|  |TAMS 0x000000008bc00000, 0x000000008bc00000| Untracked 
|  87|0x000000008bd00000, 0x000000008bd00000, 0x000000008be00000|  0%| F|  |TAMS 0x000000008bd00000, 0x000000008bd00000| Untracked 
|  88|0x000000008be00000, 0x000000008be00000, 0x000000008bf00000|  0%| F|  |TAMS 0x000000008be00000, 0x000000008be00000| Untracked 
|  89|0x000000008bf00000, 0x000000008bf00000, 0x000000008c000000|  0%| F|  |TAMS 0x000000008bf00000, 0x000000008bf00000| Untracked 
|  90|0x000000008c000000, 0x000000008c000000, 0x000000008c100000|  0%| F|  |TAMS 0x000000008c000000, 0x000000008c000000| Untracked 
|  91|0x000000008c100000, 0x000000008c100000, 0x000000008c200000|  0%| F|  |TAMS 0x000000008c100000, 0x000000008c100000| Untracked 
|  92|0x000000008c200000, 0x000000008c200000, 0x000000008c300000|  0%| F|  |TAMS 0x000000008c200000, 0x000000008c200000| Untracked 
|  93|0x000000008c300000, 0x000000008c300000, 0x000000008c400000|  0%| F|  |TAMS 0x000000008c300000, 0x000000008c300000| Untracked 
|  94|0x000000008c400000, 0x000000008c400000, 0x000000008c500000|  0%| F|  |TAMS 0x000000008c400000, 0x000000008c400000| Untracked 
|  95|0x000000008c500000, 0x000000008c500000, 0x000000008c600000|  0%| F|  |TAMS 0x000000008c500000, 0x000000008c500000| Untracked 
|  96|0x000000008c600000, 0x000000008c600000, 0x000000008c700000|  0%| F|  |TAMS 0x000000008c600000, 0x000000008c600000| Untracked 
|  97|0x000000008c700000, 0x000000008c700000, 0x000000008c800000|  0%| F|  |TAMS 0x000000008c700000, 0x000000008c700000| Untracked 
|  98|0x000000008c800000, 0x000000008c800000, 0x000000008c900000|  0%| F|  |TAMS 0x000000008c800000, 0x000000008c800000| Untracked 
|  99|0x000000008c900000, 0x000000008c900000, 0x000000008ca00000|  0%| F|  |TAMS 0x000000008c900000, 0x000000008c900000| Untracked 
| 100|0x000000008ca00000, 0x000000008ca00000, 0x000000008cb00000|  0%| F|  |TAMS 0x000000008ca00000, 0x000000008ca00000| Untracked 
| 101|0x000000008cb00000, 0x000000008cb00000, 0x000000008cc00000|  0%| F|  |TAMS 0x000000008cb00000, 0x000000008cb00000| Untracked 
| 102|0x000000008cc00000, 0x000000008cc00000, 0x000000008cd00000|  0%| F|  |TAMS 0x000000008cc00000, 0x000000008cc00000| Untracked 
| 103|0x000000008cd00000, 0x000000008cd00000, 0x000000008ce00000|  0%| F|  |TAMS 0x000000008cd00000, 0x000000008cd00000| Untracked 
| 104|0x000000008ce00000, 0x000000008ce00000, 0x000000008cf00000|  0%| F|  |TAMS 0x000000008ce00000, 0x000000008ce00000| Untracked 
| 105|0x000000008cf00000, 0x000000008cf00000, 0x000000008d000000|  0%| F|  |TAMS 0x000000008cf00000, 0x000000008cf00000| Untracked 
| 106|0x000000008d000000, 0x000000008d000000, 0x000000008d100000|  0%| F|  |TAMS 0x000000008d000000, 0x000000008d000000| Untracked 
| 107|0x000000008d100000, 0x000000008d100000, 0x000000008d200000|  0%| F|  |TAMS 0x000000008d100000, 0x000000008d100000| Untracked 
| 108|0x000000008d200000, 0x000000008d200000, 0x000000008d300000|  0%| F|  |TAMS 0x000000008d200000, 0x000000008d200000| Untracked 
| 109|0x000000008d300000, 0x000000008d300000, 0x000000008d400000|  0%| F|  |TAMS 0x000000008d300000, 0x000000008d300000| Untracked 
| 110|0x000000008d400000, 0x000000008d400000, 0x000000008d500000|  0%| F|  |TAMS 0x000000008d400000, 0x000000008d400000| Untracked 
| 111|0x000000008d500000, 0x000000008d500000, 0x000000008d600000|  0%| F|  |TAMS 0x000000008d500000, 0x000000008d500000| Untracked 
| 112|0x000000008d600000, 0x000000008d600000, 0x000000008d700000|  0%| F|  |TAMS 0x000000008d600000, 0x000000008d600000| Untracked 
| 113|0x000000008d700000, 0x000000008d700000, 0x000000008d800000|  0%| F|  |TAMS 0x000000008d700000, 0x000000008d700000| Untracked 
| 114|0x000000008d800000, 0x000000008d800000, 0x000000008d900000|  0%| F|  |TAMS 0x000000008d800000, 0x000000008d800000| Untracked 
| 115|0x000000008d900000, 0x000000008d900000, 0x000000008da00000|  0%| F|  |TAMS 0x000000008d900000, 0x000000008d900000| Untracked 
| 116|0x000000008da00000, 0x000000008da00000, 0x000000008db00000|  0%| F|  |TAMS 0x000000008da00000, 0x000000008da00000| Untracked 
| 117|0x000000008db00000, 0x000000008db00000, 0x000000008dc00000|  0%| F|  |TAMS 0x000000008db00000, 0x000000008db00000| Untracked 
| 118|0x000000008dc00000, 0x000000008dc00000, 0x000000008dd00000|  0%| F|  |TAMS 0x000000008dc00000, 0x000000008dc00000| Untracked 
| 119|0x000000008dd00000, 0x000000008dd76450, 0x000000008de00000| 46%| E|  |TAMS 0x000000008dd00000, 0x000000008dd00000| Complete 
| 120|0x000000008de00000, 0x000000008df00000, 0x000000008df00000|100%| E|CS|TAMS 0x000000008de00000, 0x000000008de00000| Complete 
| 121|0x000000008df00000, 0x000000008e000000, 0x000000008e000000|100%| E|CS|TAMS 0x000000008df00000, 0x000000008df00000| Complete 

Card table byte_map: [0x00000216799a0000,0x0000021679d70000] _byte_map_base: 0x000002167956d000

Marking Bits (Prev, Next): (CMBitMap*) 0x0000021675c2d3a0, (CMBitMap*) 0x0000021675c2d3e0
 Prev Bits: [0x000002167a140000, 0x000002167bfa8000)
 Next Bits: [0x000002167bfb0000, 0x000002167de18000)

Polling page: 0x0000021673bf0000

Metaspace:

Usage:
  Non-class:      5.51 MB used.
      Class:    535.91 KB used.
       Both:      6.04 MB used.

Virtual space:
  Non-class space:        8.00 MB reserved,       5.63 MB ( 70%) committed,  1 nodes.
      Class space:        1.00 GB reserved,     576.00 KB ( <1%) committed,  1 nodes.
             Both:        1.01 GB reserved,       6.19 MB ( <1%) committed. 

Chunk freelists:
   Non-Class:  2.24 MB
       Class:  3.25 MB
        Both:  5.49 MB

MaxMetaspaceSize: unlimited
CompressedClassSpaceSize: 1.00 GB
Initial GC threshold: 21.00 MB
Current GC threshold: 21.00 MB
CDS: off
MetaspaceReclaimPolicy: balanced
 - commit_granule_bytes: 65536.
 - commit_granule_words: 8192.
 - virtual_space_node_default_size: 1048576.
 - enlarge_chunks_in_place: 1.
 - new_chunks_are_fully_committed: 0.
 - uncommit_free_chunks: 1.
 - use_allocation_guard: 0.
 - handle_deallocations: 1.


Internal statistics:

num_allocs_failed_limit: 0.
num_arena_births: 10.
num_arena_deaths: 0.
num_vsnodes_births: 2.
num_vsnodes_deaths: 0.
num_space_committed: 99.
num_space_uncommitted: 0.
num_chunks_returned_to_freelist: 0.
num_chunks_taken_from_freelist: 20.
num_chunk_merges: 0.
num_chunk_splits: 8.
num_chunks_enlarged: 3.
num_purges: 0.
num_inconsistent_stats: 0.

CodeHeap 'non-profiled nmethods': size=120000Kb used=47Kb max_used=47Kb free=119953Kb
 bounds [0x0000021607ad0000, 0x0000021607d40000, 0x000002160f000000]
CodeHeap 'profiled nmethods': size=120000Kb used=225Kb max_used=225Kb free=119775Kb
 bounds [0x00000216005a0000, 0x0000021600810000, 0x0000021607ad0000]
CodeHeap 'non-nmethods': size=5760Kb used=1110Kb max_used=1124Kb free=4649Kb
 bounds [0x0000021600000000, 0x0000021600270000, 0x00000216005a0000]
 total_blobs=547 nmethods=174 adapters=286
 compilation: enabled
              stopped_count=0, restarted_count=0
 full_count=0

Compilation events (20 events):
Event: 0.154 Thread 0x0000021610414cb0 nmethod 164 0x0000021607adb310 code [0x0000021607adb4a0, 0x0000021607adb578]
Event: 0.154 Thread 0x0000021610414cb0  165       1       java.lang.module.ModuleDescriptor::packages (5 bytes)
Event: 0.154 Thread 0x0000021610414cb0 nmethod 165 0x0000021607adb610 code [0x0000021607adb7a0, 0x0000021607adb878]
Event: 0.155 Thread 0x0000021610414cb0  168       3       java.util.HashMap::<init> (11 bytes)
Event: 0.155 Thread 0x0000021610414cb0 nmethod 168 0x00000216005d5d10 code [0x00000216005d5ec0, 0x00000216005d6098]
Event: 0.155 Thread 0x0000021610414cb0  170       3       java.util.ImmutableCollections$Set12$1::next (95 bytes)
Event: 0.155 Thread 0x0000021610414cb0 nmethod 170 0x00000216005d6190 code [0x00000216005d6360, 0x00000216005d6648]
Event: 0.155 Thread 0x0000021610414cb0  171       3       java.util.AbstractSet::<init> (5 bytes)
Event: 0.155 Thread 0x0000021610414cb0 nmethod 171 0x00000216005d6790 code [0x00000216005d6940, 0x00000216005d6af8]
Event: 0.155 Thread 0x0000021610414cb0  169       3       java.util.ImmutableCollections$Set12::iterator (9 bytes)
Event: 0.155 Thread 0x0000021610414cb0 nmethod 169 0x00000216005d6c10 code [0x00000216005d6dc0, 0x00000216005d7098]
Event: 0.156 Thread 0x0000021610414cb0  172       3       jdk.internal.module.ModuleReferenceImpl::hashCode (56 bytes)
Event: 0.156 Thread 0x0000021610413b60  173       4       java.util.HashMap::putVal (300 bytes)
Event: 0.156 Thread 0x0000021610414cb0 nmethod 172 0x00000216005d7190 code [0x00000216005d7380, 0x00000216005d77e8]
Event: 0.156 Thread 0x0000021610414cb0  174       1       java.lang.module.ModuleDescriptor$Provides::service (5 bytes)
Event: 0.156 Thread 0x0000021610414cb0 nmethod 174 0x0000021607adb910 code [0x0000021607adbaa0, 0x0000021607adbb78]
Event: 0.157 Thread 0x0000021610414cb0  175       3       java.lang.AbstractStringBuilder::<init> (39 bytes)
Event: 0.157 Thread 0x0000021610414cb0 nmethod 175 0x00000216005d7990 code [0x00000216005d7b40, 0x00000216005d7db8]
Event: 0.157 Thread 0x0000021610414cb0  176       3       java.lang.StringBuilder::toString (35 bytes)
Event: 0.157 Thread 0x0000021610414cb0 nmethod 176 0x00000216005d7e90 code [0x00000216005d8060, 0x00000216005d8338]

GC Heap History (0 events):
No events

Deoptimization events (0 events):
No events

Classes unloaded (0 events):
No events

Classes redefined (0 events):
No events

Internal exceptions (1 events):
Event: 0.129 Thread 0x0000021675bee360 Exception <a 'java/lang/NoSuchMethodError'{0x000000008de447a0}: 'void java.lang.invoke.DirectMethodHandle$Holder.invokeVirtual(java.lang.Object, java.lang.Object)'> (0x000000008de447a0) 
thrown [e:\jenkins\tmp\workspace\build\src\src\hotspot\share\interpreter\linkResolver.cpp, line 766]

VM Operations (2 events):
Event: 0.146 Executing VM operation: HandshakeAllThreads
Event: 0.146 Executing VM operation: HandshakeAllThreads done

Events (20 events):
Event: 0.157 loading class jdk/internal/vm/PostVMInitHook done
Event: 0.157 loading class sun/launcher/LauncherHelper
Event: 0.158 loading class sun/launcher/LauncherHelper done
Event: 0.158 loading class jdk/internal/loader/BuiltinClassLoader$5
Event: 0.158 loading class jdk/internal/loader/BuiltinClassLoader$5 done
Event: 0.158 loading class jdk/internal/module/ModuleReferences$ExplodedModuleReader
Event: 0.158 loading class jdk/internal/module/ModuleReferences$ExplodedModuleReader done
Event: 0.158 loading class jdk/internal/module/ModulePatcher$PatchedModuleReader
Event: 0.158 loading class jdk/internal/module/ModulePatcher$PatchedModuleReader done
Event: 0.158 loading class jdk/internal/module/Resources
Event: 0.159 loading class jdk/internal/module/Resources done
Event: 0.159 loading class sun/net/util/URLUtil
Event: 0.159 loading class sun/net/util/URLUtil done
Event: 0.159 loading class java/util/Locale
Event: 0.160 loading class java/util/Locale done
Event: 0.160 loading class sun/util/locale/BaseLocale
Event: 0.160 loading class sun/util/locale/BaseLocale done
Event: 0.160 loading class sun/util/locale/LocaleUtils
Event: 0.160 loading class sun/util/locale/LocaleUtils done
Event: 0.160 loading class java/security/SecureClassLoader$CodeSourceKey


Dynamic libraries:
0x00007ff6faa70000 - 0x00007ff6faa7e000 	C:\Users\upl_member\.p2\pool\plugins\org.eclipse.justj.openjdk.hotspot.jre.full.win32.x86_64_17.0.2.v20220201-1208\jre\bin\javaw.exe
0x00007ffedb860000 - 0x00007ffedba50000 	C:\WINDOWS\SYSTEM32\ntdll.dll
0x00007ffedab70000 - 0x00007ffedac22000 	C:\WINDOWS\System32\KERNEL32.DLL
0x00007ffed9300000 - 0x00007ffed95a5000 	C:\WINDOWS\System32\KERNELBASE.dll
0x00007ffed9780000 - 0x00007ffed987a000 	C:\WINDOWS\System32\ucrtbase.dll
0x00007ffec8980000 - 0x00007ffec8998000 	C:\Users\upl_member\.p2\pool\plugins\org.eclipse.justj.openjdk.hotspot.jre.full.win32.x86_64_17.0.2.v20220201-1208\jre\bin\jli.dll
0x00007ffec7380000 - 0x00007ffec7399000 	C:\Users\upl_member\.p2\pool\plugins\org.eclipse.justj.openjdk.hotspot.jre.full.win32.x86_64_17.0.2.v20220201-1208\jre\bin\VCRUNTIME140.dll
0x00007ffedb680000 - 0x00007ffedb814000 	C:\WINDOWS\System32\USER32.dll
0x00007ffed9280000 - 0x00007ffed92a1000 	C:\WINDOWS\System32\win32u.dll
0x00007ffedacc0000 - 0x00007ffedace6000 	C:\WINDOWS\System32\GDI32.dll
0x00007ffed95e0000 - 0x00007ffed9778000 	C:\WINDOWS\System32\gdi32full.dll
0x00007ffebc7c0000 - 0x00007ffebca44000 	C:\WINDOWS\WinSxS\amd64_microsoft.windows.common-controls_6595b64144ccf1df_6.0.18362.1556_none_9e7e372fe45e41d5\COMCTL32.dll
0x00007ffed87d0000 - 0x00007ffed886e000 	C:\WINDOWS\System32\msvcp_win.dll
0x00007ffed9cc0000 - 0x00007ffed9d5e000 	C:\WINDOWS\System32\msvcrt.dll
0x00007ffed9980000 - 0x00007ffed9cb6000 	C:\WINDOWS\System32\combase.dll
0x00007ffeda690000 - 0x00007ffeda7af000 	C:\WINDOWS\System32\RPCRT4.dll
0x00007ffed9880000 - 0x00007ffed9901000 	C:\WINDOWS\System32\bcryptPrimitives.dll
0x00007ffeda310000 - 0x00007ffeda33e000 	C:\WINDOWS\System32\IMM32.DLL
0x00007ffec9ed0000 - 0x00007ffec9edc000 	C:\Users\upl_member\.p2\pool\plugins\org.eclipse.justj.openjdk.hotspot.jre.full.win32.x86_64_17.0.2.v20220201-1208\jre\bin\vcruntime140_1.dll
0x00007ffeb7d20000 - 0x00007ffeb7db1000 	C:\Users\upl_member\.p2\pool\plugins\org.eclipse.justj.openjdk.hotspot.jre.full.win32.x86_64_17.0.2.v20220201-1208\jre\bin\msvcp140.dll
0x00007ffe8fcb0000 - 0x00007ffe908f7000 	C:\Users\upl_member\.p2\pool\plugins\org.eclipse.justj.openjdk.hotspot.jre.full.win32.x86_64_17.0.2.v20220201-1208\jre\bin\server\jvm.dll
0x00007ffedb4b0000 - 0x00007ffedb553000 	C:\WINDOWS\System32\ADVAPI32.dll
0x00007ffeda7b0000 - 0x00007ffeda847000 	C:\WINDOWS\System32\sechost.dll
0x00007ffed9d60000 - 0x00007ffed9d68000 	C:\WINDOWS\System32\PSAPI.DLL
0x00007ffecd600000 - 0x00007ffecd60a000 	C:\WINDOWS\SYSTEM32\VERSION.dll
0x00007ffed0700000 - 0x00007ffed0709000 	C:\WINDOWS\SYSTEM32\WSOCK32.dll
0x00007ffed1ca0000 - 0x00007ffed1cc4000 	C:\WINDOWS\SYSTEM32\WINMM.dll
0x0000021673b80000 - 0x0000021673bef000 	C:\WINDOWS\System32\ws2_32.DLL
0x00007ffed1c70000 - 0x00007ffed1c9d000 	C:\WINDOWS\SYSTEM32\winmmbase.dll
0x00007ffed92b0000 - 0x00007ffed92fa000 	C:\WINDOWS\System32\cfgmgr32.dll
0x00007ffed8720000 - 0x00007ffed8731000 	C:\WINDOWS\System32\kernel.appcore.dll
0x00007ffecf610000 - 0x00007ffecf61a000 	C:\Users\upl_member\.p2\pool\plugins\org.eclipse.justj.openjdk.hotspot.jre.full.win32.x86_64_17.0.2.v20220201-1208\jre\bin\jimage.dll
0x00007ffed70b0000 - 0x00007ffed72a4000 	C:\WINDOWS\SYSTEM32\DBGHELP.DLL
0x00007ffebd220000 - 0x00007ffebd24a000 	C:\WINDOWS\SYSTEM32\dbgcore.DLL
0x00007ffec9da0000 - 0x00007ffec9dc5000 	C:\Users\upl_member\.p2\pool\plugins\org.eclipse.justj.openjdk.hotspot.jre.full.win32.x86_64_17.0.2.v20220201-1208\jre\bin\java.dll
0x00007ffec95a0000 - 0x00007ffec95b8000 	C:\Users\upl_member\.p2\pool\plugins\org.eclipse.justj.openjdk.hotspot.jre.full.win32.x86_64_17.0.2.v20220201-1208\jre\bin\zip.dll
0x00007ffedacf0000 - 0x00007ffedb3d7000 	C:\WINDOWS\System32\SHELL32.dll
0x00007ffed9d70000 - 0x00007ffed9e18000 	C:\WINDOWS\System32\shcore.dll
0x00007ffed88f0000 - 0x00007ffed906b000 	C:\WINDOWS\System32\windows.storage.dll
0x00007ffed8790000 - 0x00007ffed87ae000 	C:\WINDOWS\System32\profapi.dll
0x00007ffed8740000 - 0x00007ffed878a000 	C:\WINDOWS\System32\powrprof.dll
0x00007ffed8710000 - 0x00007ffed8720000 	C:\WINDOWS\System32\UMPDC.dll
0x00007ffed9910000 - 0x00007ffed9962000 	C:\WINDOWS\System32\shlwapi.dll
0x00007ffed88d0000 - 0x00007ffed88e7000 	C:\WINDOWS\System32\cryptsp.dll
0x00007ffec8e30000 - 0x00007ffec8e49000 	C:\Users\upl_member\.p2\pool\plugins\org.eclipse.justj.openjdk.hotspot.jre.full.win32.x86_64_17.0.2.v20220201-1208\jre\bin\net.dll
0x00007ffed0fb0000 - 0x00007ffed10aa000 	C:\WINDOWS\SYSTEM32\WINHTTP.dll
0x00007ffed7f50000 - 0x00007ffed7fb7000 	C:\WINDOWS\system32\mswsock.dll
0x00007ffec8c00000 - 0x00007ffec8c15000 	C:\Users\upl_member\.p2\pool\plugins\org.eclipse.justj.openjdk.hotspot.jre.full.win32.x86_64_17.0.2.v20220201-1208\jre\bin\nio.dll

dbghelp: loaded successfully - version: 4.0.5 - missing functions: none
symbol engine: initialized successfully - sym options: 0x614 - pdb path: .;C:\Users\upl_member\.p2\pool\plugins\org.eclipse.justj.openjdk.hotspot.jre.full.win32.x86_64_17.0.2.v20220201-1208\jre\bin;C:\WINDOWS\SYSTEM32;C:\WINDOWS\WinSxS\amd64_microsoft.windows.common-controls_6595b64144ccf1df_6.0.18362.1556_none_9e7e372fe45e41d5;C:\Users\upl_member\.p2\pool\plugins\org.eclipse.justj.openjdk.hotspot.jre.full.win32.x86_64_17.0.2.v20220201-1208\jre\bin\server

VM Arguments:
jvm_args: -Dfile.encoding=MS932 --module-path=C:\Users\upl_member\Desktop\Pokemon\education-2022\POKE\bin -XX:+ShowCodeDetailsInExceptionMessages -Djdk.module.main=POKE 
java_command: POKE/pokemon.Main
java_class_path (initial): <not set>
Launcher Type: SUN_STANDARD

[Global flags]
     intx CICompilerCount                          = 4                                         {product} {ergonomic}
     uint ConcGCThreads                            = 2                                         {product} {ergonomic}
     uint G1ConcRefinementThreads                  = 8                                         {product} {ergonomic}
   size_t G1HeapRegionSize                         = 1048576                                   {product} {ergonomic}
    uintx GCDrainStackTargetSize                   = 64                                        {product} {ergonomic}
   size_t InitialHeapSize                          = 127926272                                 {product} {ergonomic}
   size_t MarkStackSize                            = 4194304                                   {product} {ergonomic}
   size_t MaxHeapSize                              = 2040528896                                {product} {ergonomic}
   size_t MaxNewSize                               = 1223688192                                {product} {ergonomic}
   size_t MinHeapDeltaBytes                        = 1048576                                   {product} {ergonomic}
   size_t MinHeapSize                              = 8388608                                   {product} {ergonomic}
    uintx NonNMethodCodeHeapSize                   = 5839372                                {pd product} {ergonomic}
    uintx NonProfiledCodeHeapSize                  = 122909434                              {pd product} {ergonomic}
    uintx ProfiledCodeHeapSize                     = 122909434                              {pd product} {ergonomic}
    uintx ReservedCodeCacheSize                    = 251658240                              {pd product} {ergonomic}
     bool SegmentedCodeCache                       = true                                      {product} {ergonomic}
     bool ShowCodeDetailsInExceptionMessages       = true                                   {manageable} {command line}
   size_t SoftMaxHeapSize                          = 2040528896                             {manageable} {ergonomic}
     bool UseCompressedClassPointers               = true                           {product lp64_product} {ergonomic}
     bool UseCompressedOops                        = true                           {product lp64_product} {ergonomic}
     bool UseG1GC                                  = true                                      {product} {ergonomic}
     bool UseLargePagesIndividualAllocation        = false                                  {pd product} {ergonomic}

Logging:
Log output configuration:
 #0: stdout all=warning uptime,level,tags
 #1: stderr all=off uptime,level,tags

Environment Variables:
PATH=C:/Users/upl_member/.p2/pool/plugins/org.eclipse.justj.openjdk.hotspot.jre.full.win32.x86_64_17.0.2.v20220201-1208/jre/bin/server;C:/Users/upl_member/.p2/pool/plugins/org.eclipse.justj.openjdk.hotspot.jre.full.win32.x86_64_17.0.2.v20220201-1208/jre/bin;C:\Program Files\Common Files\Oracle\Java\javapath;C:\WINDOWS\system32;C:\WINDOWS;C:\WINDOWS\System32\Wbem;C:\WINDOWS\System32\WindowsPowerShell\v1.0\;C:\WINDOWS\System32\OpenSSH\;C:\Program Files\Git\cmd;C:\Users\upl_member\AppData\Local\Microsoft\WindowsApps;;C:\Users\upl_member\Desktop;
USERNAME=upl_member
OS=Windows_NT
PROCESSOR_IDENTIFIER=Intel64 Family 6 Model 126 Stepping 5, GenuineIntel



---------------  S Y S T E M  ---------------

OS:
 Windows 10 , 64 bit Build 18362 (10.0.18362.1500)
OS uptime: 122 days 0:29 hours

CPU: total 8 (initial active 8) (4 cores per cpu, 2 threads per core) family 6 model 126 stepping 5 microcode 0xa6, cx8, cmov, fxsr, ht, mmx, 3dnowpref, sse, sse2, sse3, ssse3, sse4.1, sse4.2, popcnt, lzcnt, tsc, tscinvbit, avx, avx2, aes, erms, clmul, bmi1, bmi2, adx, avx512f, avx512dq, avx512cd, avx512bw, avx512vl, sha, fma, vzeroupper, avx512_vpopcntdq, avx512_vpclmulqdq, avx512_vaes, avx512_vnni, clflush, clflushopt, avx512_vbmi2, avx512_vbmi

Memory: 4k page, system-wide physical 7778M (1478M free)
TotalPageFile size 22892M (AvailPageFile size 5M)
current process WorkingSet (physical memory assigned to process): 34M, peak: 34M
current process commit charge ("private bytes"): 199M, peak: 199M

vm_info: OpenJDK 64-Bit Server VM (17.0.2+8) for windows-amd64 JRE (17.0.2+8), built on Jan 20 2022 04:52:34 by "" with MS VC++ 16.7 (VS2019)

END.
