#
# There is insufficient memory for the Java Runtime Environment to continue.
# Native memory allocation (malloc) failed to allocate 32744 bytes for ChunkPool::allocate
# Possible reasons:
#   The system is out of physical RAM or swap space
#   The process is running with CompressedOops enabled, and the Java Heap may be blocking the growth of the native heap
# Possible solutions:
#   Reduce memory load on the system
#   Increase physical memory or swap space
#   Check if swap backing store is full
#   Decrease Java heap size (-Xmx/-Xms)
#   Decrease number of Java threads
#   Decrease Java thread stack sizes (-Xss)
#   Set larger code cache with -XX:ReservedCodeCacheSize=
#   JVM is running with Unscaled Compressed Oops mode in which the Java heap is
#     placed in the first 4GB address space. The Java Heap base address is the
#     maximum limit for the native heap growth. Please use -XX:HeapBaseMinAddress
#     to set the Java Heap base and to place the Java Heap above 4GB virtual address.
# This output file may be truncated or incomplete.
#
#  Out of Memory Error (arena.cpp:78), pid=31128, tid=32732
#
# JRE version: OpenJDK Runtime Environment Temurin-17.0.2+8 (17.0.2+8) (build 17.0.2+8)
# Java VM: OpenJDK 64-Bit Server VM Temurin-17.0.2+8 (17.0.2+8, mixed mode, tiered, compressed oops, compressed class ptrs, g1 gc, windows-amd64)
# No core dump will be written. Minidumps are not enabled by default on client versions of Windows
#

---------------  S U M M A R Y ------------

Command Line: -Dfile.encoding=MS932 --module-path=C:\Users\upl_member\Desktop\Pokemon\education-2022\POKE\bin -XX:+ShowCodeDetailsInExceptionMessages -Djdk.module.main=POKE POKE/pokemon.Main

Host: Intel(R) Core(TM) i5-1035G7 CPU @ 1.20GHz, 8 cores, 7G,  Windows 10 , 64 bit Build 18362 (10.0.18362.1500)
Time: Thu Apr 21 13:02:59 2022 “Œ‹ž (•W€Žž) elapsed time: 0.173292 seconds (0d 0h 0m 0s)

---------------  T H R E A D  ---------------

Current thread (0x000001c3f38a0b50):  JavaThread "C2 CompilerThread0" daemon [_thread_in_native, id=32732, stack(0x000000679ce00000,0x000000679cf00000)]


Current CompileTask:
C2:    173  177       4       java.util.HashMap::putVal (300 bytes)

Stack: [0x000000679ce00000,0x000000679cf00000]
Native frames: (J=compiled Java code, j=interpreted, Vv=VM code, C=native code)
V  [jvm.dll+0x67564a]
V  [jvm.dll+0x82fc04]
V  [jvm.dll+0x8313ae]
V  [jvm.dll+0x831a13]
V  [jvm.dll+0x245235]
V  [jvm.dll+0xabfc0]
V  [jvm.dll+0xac30c]
V  [jvm.dll+0x55e4e3]
V  [jvm.dll+0x1bb717]
V  [jvm.dll+0x218229]
V  [jvm.dll+0x2174f1]
V  [jvm.dll+0x1a3a8d]
V  [jvm.dll+0x226ef8]
V  [jvm.dll+0x22503c]
V  [jvm.dll+0x7e596b]
V  [jvm.dll+0x7dff2a]
V  [jvm.dll+0x6744d5]
C  [ucrtbase.dll+0x210b2]
C  [KERNEL32.DLL+0x17c24]
C  [ntdll.dll+0x6d721]


---------------  P R O C E S S  ---------------

Threads class SMR info:
_java_thread_list=0x000001c3f3b0aa10, length=12, elements={
0x000001c3d943dcb0, 0x000001c3f2f769a0, 0x000001c3f2f774e0, 0x000001c3f38c0810,
0x000001c3f2fbeac0, 0x000001c3f3892880, 0x000001c3f3893140, 0x000001c3f38a0b50,
0x000001c3f38a1450, 0x000001c3f38a3d60, 0x000001c3f39b7b40, 0x000001c3f3b23820
}

Java Threads: ( => current thread )
  0x000001c3d943dcb0 JavaThread "main" [_thread_in_vm, id=4928, stack(0x000000679c100000,0x000000679c200000)]
  0x000001c3f2f769a0 JavaThread "Reference Handler" daemon [_thread_blocked, id=22172, stack(0x000000679c800000,0x000000679c900000)]
  0x000001c3f2f774e0 JavaThread "Finalizer" daemon [_thread_blocked, id=35324, stack(0x000000679c900000,0x000000679ca00000)]
  0x000001c3f38c0810 JavaThread "Signal Dispatcher" daemon [_thread_blocked, id=33464, stack(0x000000679ca00000,0x000000679cb00000)]
  0x000001c3f2fbeac0 JavaThread "Attach Listener" daemon [_thread_blocked, id=38540, stack(0x000000679cb00000,0x000000679cc00000)]
  0x000001c3f3892880 JavaThread "Service Thread" daemon [_thread_blocked, id=28972, stack(0x000000679cc00000,0x000000679cd00000)]
  0x000001c3f3893140 JavaThread "Monitor Deflation Thread" daemon [_thread_blocked, id=37252, stack(0x000000679cd00000,0x000000679ce00000)]
=>0x000001c3f38a0b50 JavaThread "C2 CompilerThread0" daemon [_thread_in_native, id=32732, stack(0x000000679ce00000,0x000000679cf00000)]
  0x000001c3f38a1450 JavaThread "C1 CompilerThread0" daemon [_thread_blocked, id=38048, stack(0x000000679cf00000,0x000000679d000000)]
  0x000001c3f38a3d60 JavaThread "Sweeper thread" daemon [_thread_blocked, id=37908, stack(0x000000679d000000,0x000000679d100000)]
  0x000001c3f39b7b40 JavaThread "Common-Cleaner" daemon [_thread_blocked, id=37904, stack(0x000000679d100000,0x000000679d200000)]
  0x000001c3f3b23820 JavaThread "Notification Thread" daemon [_thread_blocked, id=24448, stack(0x000000679d200000,0x000000679d300000)]

Other Threads:
  0x000001c3f2f2ed70 VMThread "VM Thread" [stack: 0x000000679c700000,0x000000679c800000] [id=37808]
  0x000001c3f3b23cf0 WatcherThread [stack: 0x000000679d300000,0x000000679d400000] [id=37672]
  0x000001c3d9482590 GCTaskThread "GC Thread#0" [stack: 0x000000679c200000,0x000000679c300000] [id=19572]
  0x000001c3d9494740 ConcurrentGCThread "G1 Main Marker" [stack: 0x000000679c300000,0x000000679c400000] [id=22004]
  0x000001c3d9496880 ConcurrentGCThread "G1 Conc#0" [stack: 0x000000679c400000,0x000000679c500000] [id=32748]
  0x000001c3d950c630 ConcurrentGCThread "G1 Refine#0" [stack: 0x000000679c500000,0x000000679c600000] [id=25932]
  0x000001c3d950cf60 ConcurrentGCThread "G1 Service" [stack: 0x000000679c600000,0x000000679c700000] [id=31172]

Threads with active compile tasks:
C2 CompilerThread0      195  177       4       java.util.HashMap::putVal (300 bytes)

VM state: not at safepoint (normal execution)

VM Mutex/Monitor currently owned by a thread: None

Heap address: 0x0000000086600000, size: 1946 MB, Compressed Oops mode: 32-bit

CDS archive(s) not mapped
Compressed class space mapped at: 0x0000000100000000-0x0000000140000000, reserved size: 1073741824
Narrow klass base: 0x0000000000000000, Narrow klass shift: 3, Narrow klass range: 0x140000000

GC Precious Log:
 CPUs: 8 total, 8 available
 Memory: 7778M
 Large Page Support: Disabled
 NUMA Support: Disabled
 Compressed Oops: Enabled (32-bit)
 Heap Region Size: 1M
 Heap Min Capacity: 8M
 Heap Initial Capacity: 122M
 Heap Max Capacity: 1946M
 Pre-touch: Disabled
 Parallel Workers: 8
 Concurrent Workers: 2
 Concurrent Refinement Workers: 8
 Periodic GC: Disabled

Heap:
 garbage-first heap   total 124928K, used 2048K [0x0000000086600000, 0x0000000100000000)
  region size 1024K, 3 young (3072K), 0 survivors (0K)
 Metaspace       used 7177K, committed 7296K, reserved 1056768K
  class space    used 632K, committed 704K, reserved 1048576K

Heap Regions: E=young(eden), S=young(survivor), O=old, HS=humongous(starts), HC=humongous(continues), CS=collection set, F=free, OA=open archive, CA=closed archive, TAMS=top-at-mark-start (previous, next)
|   0|0x0000000086600000, 0x0000000086600000, 0x0000000086700000|  0%| F|  |TAMS 0x0000000086600000, 0x0000000086600000| Untracked 
|   1|0x0000000086700000, 0x0000000086700000, 0x0000000086800000|  0%| F|  |TAMS 0x0000000086700000, 0x0000000086700000| Untracked 
|   2|0x0000000086800000, 0x0000000086800000, 0x0000000086900000|  0%| F|  |TAMS 0x0000000086800000, 0x0000000086800000| Untracked 
|   3|0x0000000086900000, 0x0000000086900000, 0x0000000086a00000|  0%| F|  |TAMS 0x0000000086900000, 0x0000000086900000| Untracked 
|   4|0x0000000086a00000, 0x0000000086a00000, 0x0000000086b00000|  0%| F|  |TAMS 0x0000000086a00000, 0x0000000086a00000| Untracked 
|   5|0x0000000086b00000, 0x0000000086b00000, 0x0000000086c00000|  0%| F|  |TAMS 0x0000000086b00000, 0x0000000086b00000| Untracked 
|   6|0x0000000086c00000, 0x0000000086c00000, 0x0000000086d00000|  0%| F|  |TAMS 0x0000000086c00000, 0x0000000086c00000| Untracked 
|   7|0x0000000086d00000, 0x0000000086d00000, 0x0000000086e00000|  0%| F|  |TAMS 0x0000000086d00000, 0x0000000086d00000| Untracked 
|   8|0x0000000086e00000, 0x0000000086e00000, 0x0000000086f00000|  0%| F|  |TAMS 0x0000000086e00000, 0x0000000086e00000| Untracked 
|   9|0x0000000086f00000, 0x0000000086f00000, 0x0000000087000000|  0%| F|  |TAMS 0x0000000086f00000, 0x0000000086f00000| Untracked 
|  10|0x0000000087000000, 0x0000000087000000, 0x0000000087100000|  0%| F|  |TAMS 0x0000000087000000, 0x0000000087000000| Untracked 
|  11|0x0000000087100000, 0x0000000087100000, 0x0000000087200000|  0%| F|  |TAMS 0x0000000087100000, 0x0000000087100000| Untracked 
|  12|0x0000000087200000, 0x0000000087200000, 0x0000000087300000|  0%| F|  |TAMS 0x0000000087200000, 0x0000000087200000| Untracked 
|  13|0x0000000087300000, 0x0000000087300000, 0x0000000087400000|  0%| F|  |TAMS 0x0000000087300000, 0x0000000087300000| Untracked 
|  14|0x0000000087400000, 0x0000000087400000, 0x0000000087500000|  0%| F|  |TAMS 0x0000000087400000, 0x0000000087400000| Untracked 
|  15|0x0000000087500000, 0x0000000087500000, 0x0000000087600000|  0%| F|  |TAMS 0x0000000087500000, 0x0000000087500000| Untracked 
|  16|0x0000000087600000, 0x0000000087600000, 0x0000000087700000|  0%| F|  |TAMS 0x0000000087600000, 0x0000000087600000| Untracked 
|  17|0x0000000087700000, 0x0000000087700000, 0x0000000087800000|  0%| F|  |TAMS 0x0000000087700000, 0x0000000087700000| Untracked 
|  18|0x0000000087800000, 0x0000000087800000, 0x0000000087900000|  0%| F|  |TAMS 0x0000000087800000, 0x0000000087800000| Untracked 
|  19|0x0000000087900000, 0x0000000087900000, 0x0000000087a00000|  0%| F|  |TAMS 0x0000000087900000, 0x0000000087900000| Untracked 
|  20|0x0000000087a00000, 0x0000000087a00000, 0x0000000087b00000|  0%| F|  |TAMS 0x0000000087a00000, 0x0000000087a00000| Untracked 
|  21|0x0000000087b00000, 0x0000000087b00000, 0x0000000087c00000|  0%| F|  |TAMS 0x0000000087b00000, 0x0000000087b00000| Untracked 
|  22|0x0000000087c00000, 0x0000000087c00000, 0x0000000087d00000|  0%| F|  |TAMS 0x0000000087c00000, 0x0000000087c00000| Untracked 
|  23|0x0000000087d00000, 0x0000000087d00000, 0x0000000087e00000|  0%| F|  |TAMS 0x0000000087d00000, 0x0000000087d00000| Untracked 
|  24|0x0000000087e00000, 0x0000000087e00000, 0x0000000087f00000|  0%| F|  |TAMS 0x0000000087e00000, 0x0000000087e00000| Untracked 
|  25|0x0000000087f00000, 0x0000000087f00000, 0x0000000088000000|  0%| F|  |TAMS 0x0000000087f00000, 0x0000000087f00000| Untracked 
|  26|0x0000000088000000, 0x0000000088000000, 0x0000000088100000|  0%| F|  |TAMS 0x0000000088000000, 0x0000000088000000| Untracked 
|  27|0x0000000088100000, 0x0000000088100000, 0x0000000088200000|  0%| F|  |TAMS 0x0000000088100000, 0x0000000088100000| Untracked 
|  28|0x0000000088200000, 0x0000000088200000, 0x0000000088300000|  0%| F|  |TAMS 0x0000000088200000, 0x0000000088200000| Untracked 
|  29|0x0000000088300000, 0x0000000088300000, 0x0000000088400000|  0%| F|  |TAMS 0x0000000088300000, 0x0000000088300000| Untracked 
|  30|0x0000000088400000, 0x0000000088400000, 0x0000000088500000|  0%| F|  |TAMS 0x0000000088400000, 0x0000000088400000| Untracked 
|  31|0x0000000088500000, 0x0000000088500000, 0x0000000088600000|  0%| F|  |TAMS 0x0000000088500000, 0x0000000088500000| Untracked 
|  32|0x0000000088600000, 0x0000000088600000, 0x0000000088700000|  0%| F|  |TAMS 0x0000000088600000, 0x0000000088600000| Untracked 
|  33|0x0000000088700000, 0x0000000088700000, 0x0000000088800000|  0%| F|  |TAMS 0x0000000088700000, 0x0000000088700000| Untracked 
|  34|0x0000000088800000, 0x0000000088800000, 0x0000000088900000|  0%| F|  |TAMS 0x0000000088800000, 0x0000000088800000| Untracked 
|  35|0x0000000088900000, 0x0000000088900000, 0x0000000088a00000|  0%| F|  |TAMS 0x0000000088900000, 0x0000000088900000| Untracked 
|  36|0x0000000088a00000, 0x0000000088a00000, 0x0000000088b00000|  0%| F|  |TAMS 0x0000000088a00000, 0x0000000088a00000| Untracked 
|  37|0x0000000088b00000, 0x0000000088b00000, 0x0000000088c00000|  0%| F|  |TAMS 0x0000000088b00000, 0x0000000088b00000| Untracked 
|  38|0x0000000088c00000, 0x0000000088c00000, 0x0000000088d00000|  0%| F|  |TAMS 0x0000000088c00000, 0x0000000088c00000| Untracked 
|  39|0x0000000088d00000, 0x0000000088d00000, 0x0000000088e00000|  0%| F|  |TAMS 0x0000000088d00000, 0x0000000088d00000| Untracked 
|  40|0x0000000088e00000, 0x0000000088e00000, 0x0000000088f00000|  0%| F|  |TAMS 0x0000000088e00000, 0x0000000088e00000| Untracked 
|  41|0x0000000088f00000, 0x0000000088f00000, 0x0000000089000000|  0%| F|  |TAMS 0x0000000088f00000, 0x0000000088f00000| Untracked 
|  42|0x0000000089000000, 0x0000000089000000, 0x0000000089100000|  0%| F|  |TAMS 0x0000000089000000, 0x0000000089000000| Untracked 
|  43|0x0000000089100000, 0x0000000089100000, 0x0000000089200000|  0%| F|  |TAMS 0x0000000089100000, 0x0000000089100000| Untracked 
|  44|0x0000000089200000, 0x0000000089200000, 0x0000000089300000|  0%| F|  |TAMS 0x0000000089200000, 0x0000000089200000| Untracked 
|  45|0x0000000089300000, 0x0000000089300000, 0x0000000089400000|  0%| F|  |TAMS 0x0000000089300000, 0x0000000089300000| Untracked 
|  46|0x0000000089400000, 0x0000000089400000, 0x0000000089500000|  0%| F|  |TAMS 0x0000000089400000, 0x0000000089400000| Untracked 
|  47|0x0000000089500000, 0x0000000089500000, 0x0000000089600000|  0%| F|  |TAMS 0x0000000089500000, 0x0000000089500000| Untracked 
|  48|0x0000000089600000, 0x0000000089600000, 0x0000000089700000|  0%| F|  |TAMS 0x0000000089600000, 0x0000000089600000| Untracked 
|  49|0x0000000089700000, 0x0000000089700000, 0x0000000089800000|  0%| F|  |TAMS 0x0000000089700000, 0x0000000089700000| Untracked 
|  50|0x0000000089800000, 0x0000000089800000, 0x0000000089900000|  0%| F|  |TAMS 0x0000000089800000, 0x0000000089800000| Untracked 
|  51|0x0000000089900000, 0x0000000089900000, 0x0000000089a00000|  0%| F|  |TAMS 0x0000000089900000, 0x0000000089900000| Untracked 
|  52|0x0000000089a00000, 0x0000000089a00000, 0x0000000089b00000|  0%| F|  |TAMS 0x0000000089a00000, 0x0000000089a00000| Untracked 
|  53|0x0000000089b00000, 0x0000000089b00000, 0x0000000089c00000|  0%| F|  |TAMS 0x0000000089b00000, 0x0000000089b00000| Untracked 
|  54|0x0000000089c00000, 0x0000000089c00000, 0x0000000089d00000|  0%| F|  |TAMS 0x0000000089c00000, 0x0000000089c00000| Untracked 
|  55|0x0000000089d00000, 0x0000000089d00000, 0x0000000089e00000|  0%| F|  |TAMS 0x0000000089d00000, 0x0000000089d00000| Untracked 
|  56|0x0000000089e00000, 0x0000000089e00000, 0x0000000089f00000|  0%| F|  |TAMS 0x0000000089e00000, 0x0000000089e00000| Untracked 
|  57|0x0000000089f00000, 0x0000000089f00000, 0x000000008a000000|  0%| F|  |TAMS 0x0000000089f00000, 0x0000000089f00000| Untracked 
|  58|0x000000008a000000, 0x000000008a000000, 0x000000008a100000|  0%| F|  |TAMS 0x000000008a000000, 0x000000008a000000| Untracked 
|  59|0x000000008a100000, 0x000000008a100000, 0x000000008a200000|  0%| F|  |TAMS 0x000000008a100000, 0x000000008a100000| Untracked 
|  60|0x000000008a200000, 0x000000008a200000, 0x000000008a300000|  0%| F|  |TAMS 0x000000008a200000, 0x000000008a200000| Untracked 
|  61|0x000000008a300000, 0x000000008a300000, 0x000000008a400000|  0%| F|  |TAMS 0x000000008a300000, 0x000000008a300000| Untracked 
|  62|0x000000008a400000, 0x000000008a400000, 0x000000008a500000|  0%| F|  |TAMS 0x000000008a400000, 0x000000008a400000| Untracked 
|  63|0x000000008a500000, 0x000000008a500000, 0x000000008a600000|  0%| F|  |TAMS 0x000000008a500000, 0x000000008a500000| Untracked 
|  64|0x000000008a600000, 0x000000008a600000, 0x000000008a700000|  0%| F|  |TAMS 0x000000008a600000, 0x000000008a600000| Untracked 
|  65|0x000000008a700000, 0x000000008a700000, 0x000000008a800000|  0%| F|  |TAMS 0x000000008a700000, 0x000000008a700000| Untracked 
|  66|0x000000008a800000, 0x000000008a800000, 0x000000008a900000|  0%| F|  |TAMS 0x000000008a800000, 0x000000008a800000| Untracked 
|  67|0x000000008a900000, 0x000000008a900000, 0x000000008aa00000|  0%| F|  |TAMS 0x000000008a900000, 0x000000008a900000| Untracked 
|  68|0x000000008aa00000, 0x000000008aa00000, 0x000000008ab00000|  0%| F|  |TAMS 0x000000008aa00000, 0x000000008aa00000| Untracked 
|  69|0x000000008ab00000, 0x000000008ab00000, 0x000000008ac00000|  0%| F|  |TAMS 0x000000008ab00000, 0x000000008ab00000| Untracked 
|  70|0x000000008ac00000, 0x000000008ac00000, 0x000000008ad00000|  0%| F|  |TAMS 0x000000008ac00000, 0x000000008ac00000| Untracked 
|  71|0x000000008ad00000, 0x000000008ad00000, 0x000000008ae00000|  0%| F|  |TAMS 0x000000008ad00000, 0x000000008ad00000| Untracked 
|  72|0x000000008ae00000, 0x000000008ae00000, 0x000000008af00000|  0%| F|  |TAMS 0x000000008ae00000, 0x000000008ae00000| Untracked 
|  73|0x000000008af00000, 0x000000008af00000, 0x000000008b000000|  0%| F|  |TAMS 0x000000008af00000, 0x000000008af00000| Untracked 
|  74|0x000000008b000000, 0x000000008b000000, 0x000000008b100000|  0%| F|  |TAMS 0x000000008b000000, 0x000000008b000000| Untracked 
|  75|0x000000008b100000, 0x000000008b100000, 0x000000008b200000|  0%| F|  |TAMS 0x000000008b100000, 0x000000008b100000| Untracked 
|  76|0x000000008b200000, 0x000000008b200000, 0x000000008b300000|  0%| F|  |TAMS 0x000000008b200000, 0x000000008b200000| Untracked 
|  77|0x000000008b300000, 0x000000008b300000, 0x000000008b400000|  0%| F|  |TAMS 0x000000008b300000, 0x000000008b300000| Untracked 
|  78|0x000000008b400000, 0x000000008b400000, 0x000000008b500000|  0%| F|  |TAMS 0x000000008b400000, 0x000000008b400000| Untracked 
|  79|0x000000008b500000, 0x000000008b500000, 0x000000008b600000|  0%| F|  |TAMS 0x000000008b500000, 0x000000008b500000| Untracked 
|  80|0x000000008b600000, 0x000000008b600000, 0x000000008b700000|  0%| F|  |TAMS 0x000000008b600000, 0x000000008b600000| Untracked 
|  81|0x000000008b700000, 0x000000008b700000, 0x000000008b800000|  0%| F|  |TAMS 0x000000008b700000, 0x000000008b700000| Untracked 
|  82|0x000000008b800000, 0x000000008b800000, 0x000000008b900000|  0%| F|  |TAMS 0x000000008b800000, 0x000000008b800000| Untracked 
|  83|0x000000008b900000, 0x000000008b900000, 0x000000008ba00000|  0%| F|  |TAMS 0x000000008b900000, 0x000000008b900000| Untracked 
|  84|0x000000008ba00000, 0x000000008ba00000, 0x000000008bb00000|  0%| F|  |TAMS 0x000000008ba00000, 0x000000008ba00000| Untracked 
|  85|0x000000008bb00000, 0x000000008bb00000, 0x000000008bc00000|  0%| F|  |TAMS 0x000000008bb00000, 0x000000008bb00000| Untracked 
|  86|0x000000008bc00000, 0x000000008bc00000, 0x000000008bd00000|  0%| F|  |TAMS 0x000000008bc00000, 0x000000008bc00000| Untracked 
|  87|0x000000008bd00000, 0x000000008bd00000, 0x000000008be00000|  0%| F|  |TAMS 0x000000008bd00000, 0x000000008bd00000| Untracked 
|  88|0x000000008be00000, 0x000000008be00000, 0x000000008bf00000|  0%| F|  |TAMS 0x000000008be00000, 0x000000008be00000| Untracked 
|  89|0x000000008bf00000, 0x000000008bf00000, 0x000000008c000000|  0%| F|  |TAMS 0x000000008bf00000, 0x000000008bf00000| Untracked 
|  90|0x000000008c000000, 0x000000008c000000, 0x000000008c100000|  0%| F|  |TAMS 0x000000008c000000, 0x000000008c000000| Untracked 
|  91|0x000000008c100000, 0x000000008c100000, 0x000000008c200000|  0%| F|  |TAMS 0x000000008c100000, 0x000000008c100000| Untracked 
|  92|0x000000008c200000, 0x000000008c200000, 0x000000008c300000|  0%| F|  |TAMS 0x000000008c200000, 0x000000008c200000| Untracked 
|  93|0x000000008c300000, 0x000000008c300000, 0x000000008c400000|  0%| F|  |TAMS 0x000000008c300000, 0x000000008c300000| Untracked 
|  94|0x000000008c400000, 0x000000008c400000, 0x000000008c500000|  0%| F|  |TAMS 0x000000008c400000, 0x000000008c400000| Untracked 
|  95|0x000000008c500000, 0x000000008c500000, 0x000000008c600000|  0%| F|  |TAMS 0x000000008c500000, 0x000000008c500000| Untracked 
|  96|0x000000008c600000, 0x000000008c600000, 0x000000008c700000|  0%| F|  |TAMS 0x000000008c600000, 0x000000008c600000| Untracked 
|  97|0x000000008c700000, 0x000000008c700000, 0x000000008c800000|  0%| F|  |TAMS 0x000000008c700000, 0x000000008c700000| Untracked 
|  98|0x000000008c800000, 0x000000008c800000, 0x000000008c900000|  0%| F|  |TAMS 0x000000008c800000, 0x000000008c800000| Untracked 
|  99|0x000000008c900000, 0x000000008c900000, 0x000000008ca00000|  0%| F|  |TAMS 0x000000008c900000, 0x000000008c900000| Untracked 
| 100|0x000000008ca00000, 0x000000008ca00000, 0x000000008cb00000|  0%| F|  |TAMS 0x000000008ca00000, 0x000000008ca00000| Untracked 
| 101|0x000000008cb00000, 0x000000008cb00000, 0x000000008cc00000|  0%| F|  |TAMS 0x000000008cb00000, 0x000000008cb00000| Untracked 
| 102|0x000000008cc00000, 0x000000008cc00000, 0x000000008cd00000|  0%| F|  |TAMS 0x000000008cc00000, 0x000000008cc00000| Untracked 
| 103|0x000000008cd00000, 0x000000008cd00000, 0x000000008ce00000|  0%| F|  |TAMS 0x000000008cd00000, 0x000000008cd00000| Untracked 
| 104|0x000000008ce00000, 0x000000008ce00000, 0x000000008cf00000|  0%| F|  |TAMS 0x000000008ce00000, 0x000000008ce00000| Untracked 
| 105|0x000000008cf00000, 0x000000008cf00000, 0x000000008d000000|  0%| F|  |TAMS 0x000000008cf00000, 0x000000008cf00000| Untracked 
| 106|0x000000008d000000, 0x000000008d000000, 0x000000008d100000|  0%| F|  |TAMS 0x000000008d000000, 0x000000008d000000| Untracked 
| 107|0x000000008d100000, 0x000000008d100000, 0x000000008d200000|  0%| F|  |TAMS 0x000000008d100000, 0x000000008d100000| Untracked 
| 108|0x000000008d200000, 0x000000008d200000, 0x000000008d300000|  0%| F|  |TAMS 0x000000008d200000, 0x000000008d200000| Untracked 
| 109|0x000000008d300000, 0x000000008d300000, 0x000000008d400000|  0%| F|  |TAMS 0x000000008d300000, 0x000000008d300000| Untracked 
| 110|0x000000008d400000, 0x000000008d400000, 0x000000008d500000|  0%| F|  |TAMS 0x000000008d400000, 0x000000008d400000| Untracked 
| 111|0x000000008d500000, 0x000000008d500000, 0x000000008d600000|  0%| F|  |TAMS 0x000000008d500000, 0x000000008d500000| Untracked 
| 112|0x000000008d600000, 0x000000008d600000, 0x000000008d700000|  0%| F|  |TAMS 0x000000008d600000, 0x000000008d600000| Untracked 
| 113|0x000000008d700000, 0x000000008d700000, 0x000000008d800000|  0%| F|  |TAMS 0x000000008d700000, 0x000000008d700000| Untracked 
| 114|0x000000008d800000, 0x000000008d800000, 0x000000008d900000|  0%| F|  |TAMS 0x000000008d800000, 0x000000008d800000| Untracked 
| 115|0x000000008d900000, 0x000000008d900000, 0x000000008da00000|  0%| F|  |TAMS 0x000000008d900000, 0x000000008d900000| Untracked 
| 116|0x000000008da00000, 0x000000008da00000, 0x000000008db00000|  0%| F|  |TAMS 0x000000008da00000, 0x000000008da00000| Untracked 
| 117|0x000000008db00000, 0x000000008db00000, 0x000000008dc00000|  0%| F|  |TAMS 0x000000008db00000, 0x000000008db00000| Untracked 
| 118|0x000000008dc00000, 0x000000008dc00000, 0x000000008dd00000|  0%| F|  |TAMS 0x000000008dc00000, 0x000000008dc00000| Untracked 
| 119|0x000000008dd00000, 0x000000008ddec090, 0x000000008de00000| 92%| E|  |TAMS 0x000000008dd00000, 0x000000008dd00000| Complete 
| 120|0x000000008de00000, 0x000000008df00000, 0x000000008df00000|100%| E|CS|TAMS 0x000000008de00000, 0x000000008de00000| Complete 
| 121|0x000000008df00000, 0x000000008e000000, 0x000000008e000000|100%| E|CS|TAMS 0x000000008df00000, 0x000000008df00000| Complete 

Card table byte_map: [0x000001c3ec0e0000,0x000001c3ec4b0000] _byte_map_base: 0x000001c3ebcad000

Marking Bits (Prev, Next): (CMBitMap*) 0x000001c3d9484ad0, (CMBitMap*) 0x000001c3d9484b10
 Prev Bits: [0x000001c3ec880000, 0x000001c3ee6e8000)
 Next Bits: [0x000001c3ee6f0000, 0x000001c3f0558000)

Polling page: 0x000001c3d7200000

Metaspace:

Usage:
  Non-class:      6.46 MB used.
      Class:    640.73 KB used.
       Both:      7.09 MB used.

Virtual space:
  Non-class space:        8.00 MB reserved,       6.56 MB ( 82%) committed,  1 nodes.
      Class space:        1.00 GB reserved,     768.00 KB ( <1%) committed,  1 nodes.
             Both:        1.01 GB reserved,       7.31 MB ( <1%) committed. 

Chunk freelists:
   Non-Class:  1000.00 KB
       Class:  3.25 MB
        Both:  4.22 MB

MaxMetaspaceSize: unlimited
CompressedClassSpaceSize: 1.00 GB
Initial GC threshold: 21.00 MB
Current GC threshold: 21.00 MB
CDS: off
MetaspaceReclaimPolicy: balanced
 - commit_granule_bytes: 65536.
 - commit_granule_words: 8192.
 - virtual_space_node_default_size: 1048576.
 - enlarge_chunks_in_place: 1.
 - new_chunks_are_fully_committed: 0.
 - uncommit_free_chunks: 1.
 - use_allocation_guard: 0.
 - handle_deallocations: 1.


Internal statistics:

num_allocs_failed_limit: 0.
num_arena_births: 12.
num_arena_deaths: 0.
num_vsnodes_births: 2.
num_vsnodes_deaths: 0.
num_space_committed: 117.
num_space_uncommitted: 0.
num_chunks_returned_to_freelist: 0.
num_chunks_taken_from_freelist: 31.
num_chunk_merges: 0.
num_chunk_splits: 11.
num_chunks_enlarged: 5.
num_purges: 0.
num_inconsistent_stats: 0.

CodeHeap 'non-profiled nmethods': size=120000Kb used=58Kb max_used=58Kb free=119941Kb
 bounds [0x000001c3e45c0000, 0x000001c3e4830000, 0x000001c3ebaf0000]
CodeHeap 'profiled nmethods': size=120000Kb used=295Kb max_used=295Kb free=119704Kb
 bounds [0x000001c3dd090000, 0x000001c3dd300000, 0x000001c3e45c0000]
CodeHeap 'non-nmethods': size=5760Kb used=1121Kb max_used=1124Kb free=4638Kb
 bounds [0x000001c3dcaf0000, 0x000001c3dcd60000, 0x000001c3dd090000]
 total_blobs=607 nmethods=220 adapters=300
 compilation: enabled
              stopped_count=0, restarted_count=0
 full_count=0

Compilation events (20 events):
Event: 0.158 Thread 0x000001c3f38a1450 nmethod 172 0x000001c3e45cb910 code [0x000001c3e45cbaa0, 0x000001c3e45cbb78]
Event: 0.158 Thread 0x000001c3f38a1450  173       3       java.util.ImmutableCollections$Set12::iterator (9 bytes)
Event: 0.158 Thread 0x000001c3f38a1450 nmethod 173 0x000001c3dd0c6f10 code [0x000001c3dd0c70c0, 0x000001c3dd0c7398]
Event: 0.158 Thread 0x000001c3f38a1450  174       3       java.util.ImmutableCollections$Set12$1::<init> (32 bytes)
Event: 0.158 Thread 0x000001c3f38a1450 nmethod 174 0x000001c3dd0c7490 code [0x000001c3dd0c7640, 0x000001c3dd0c7878]
Event: 0.158 Thread 0x000001c3f38a1450  175       3       java.lang.AbstractStringBuilder::<init> (39 bytes)
Event: 0.158 Thread 0x000001c3f38a1450 nmethod 175 0x000001c3dd0c7990 code [0x000001c3dd0c7b40, 0x000001c3dd0c7db8]
Event: 0.158 Thread 0x000001c3f38a1450  176       3       java.lang.StringBuilder::toString (35 bytes)
Event: 0.158 Thread 0x000001c3f38a1450 nmethod 176 0x000001c3dd0c7e90 code [0x000001c3dd0c8060, 0x000001c3dd0c8338]
Event: 0.161 Thread 0x000001c3f38a0b50  177       4       java.util.HashMap::putVal (300 bytes)
Event: 0.166 Thread 0x000001c3f38a1450  180       3       java.lang.ref.Reference::<init> (25 bytes)
Event: 0.167 Thread 0x000001c3f38a1450 nmethod 180 0x000001c3dd0c8410 code [0x000001c3dd0c85c0, 0x000001c3dd0c8838]
Event: 0.167 Thread 0x000001c3f38a1450  178       1       java.lang.Class::getModule (5 bytes)
Event: 0.167 Thread 0x000001c3f38a1450 nmethod 178 0x000001c3e45cbf10 code [0x000001c3e45cc0a0, 0x000001c3e45cc178]
Event: 0.169 Thread 0x000001c3f38a1450  181   !   3       java.lang.invoke.MemberName::getMethodType (211 bytes)
Event: 0.171 Thread 0x000001c3f38a1450 nmethod 181 0x000001c3dd0c8910 code [0x000001c3dd0c8c00, 0x000001c3dd0ca138]
Event: 0.171 Thread 0x000001c3f38a1450  183       3       jdk.internal.org.objectweb.asm.ByteVector::put12 (64 bytes)
Event: 0.171 Thread 0x000001c3f38a1450 nmethod 183 0x000001c3dd0ca710 code [0x000001c3dd0ca8c0, 0x000001c3dd0caae8]
Event: 0.171 Thread 0x000001c3f38a1450  185       3       java.lang.invoke.MemberName::initResolved (53 bytes)
Event: 0.172 Thread 0x000001c3f38a1450 nmethod 185 0x000001c3dd0cac90 code [0x000001c3dd0cae20, 0x000001c3dd0cafd8]

GC Heap History (0 events):
No events

Deoptimization events (0 events):
No events

Classes unloaded (0 events):
No events

Classes redefined (0 events):
No events

Internal exceptions (1 events):
Event: 0.135 Thread 0x000001c3d943dcb0 Exception <a 'java/lang/NoSuchMethodError'{0x000000008de447a0}: 'void java.lang.invoke.DirectMethodHandle$Holder.invokeVirtual(java.lang.Object, java.lang.Object)'> (0x000000008de447a0) 
thrown [e:\jenkins\tmp\workspace\build\src\src\hotspot\share\interpreter\linkResolver.cpp, line 766]

VM Operations (2 events):
Event: 0.148 Executing VM operation: HandshakeAllThreads
Event: 0.148 Executing VM operation: HandshakeAllThreads done

Events (20 events):
Event: 0.168 loading class java/util/regex/Pattern$BmpCharProperty
Event: 0.168 loading class java/util/regex/Pattern$BmpCharProperty done
Event: 0.168 loading class java/util/regex/Pattern$CharPropertyGreedy
Event: 0.168 loading class java/util/regex/Pattern$CharPropertyGreedy done
Event: 0.169 loading class java/util/regex/Pattern$Slice
Event: 0.169 loading class java/util/regex/Pattern$SliceNode
Event: 0.169 loading class java/util/regex/Pattern$SliceNode done
Event: 0.169 loading class java/util/regex/Pattern$Slice done
Event: 0.169 loading class java/util/regex/Pattern$Begin
Event: 0.169 loading class java/util/regex/Pattern$Begin done
Event: 0.169 loading class java/util/regex/Pattern$First
Event: 0.169 loading class java/util/regex/Pattern$First done
Event: 0.169 loading class java/util/regex/Pattern$StartS
Event: 0.169 loading class java/util/regex/Pattern$Start
Event: 0.169 loading class java/util/regex/Pattern$Start done
Event: 0.169 loading class java/util/regex/Pattern$StartS done
Event: 0.169 loading class java/util/regex/Pattern$TreeInfo
Event: 0.169 loading class java/util/regex/Pattern$TreeInfo done
Event: 0.169 loading class java/util/regex/Pattern$BitClass
Event: 0.169 loading class java/util/regex/Pattern$BitClass done


Dynamic libraries:
0x00007ff6faa70000 - 0x00007ff6faa7e000 	C:\Users\upl_member\.p2\pool\plugins\org.eclipse.justj.openjdk.hotspot.jre.full.win32.x86_64_17.0.2.v20220201-1208\jre\bin\javaw.exe
0x00007ffedb860000 - 0x00007ffedba50000 	C:\WINDOWS\SYSTEM32\ntdll.dll
0x00007ffedab70000 - 0x00007ffedac22000 	C:\WINDOWS\System32\KERNEL32.DLL
0x00007ffed9300000 - 0x00007ffed95a5000 	C:\WINDOWS\System32\KERNELBASE.dll
0x00007ffed9780000 - 0x00007ffed987a000 	C:\WINDOWS\System32\ucrtbase.dll
0x00007ffec8980000 - 0x00007ffec8998000 	C:\Users\upl_member\.p2\pool\plugins\org.eclipse.justj.openjdk.hotspot.jre.full.win32.x86_64_17.0.2.v20220201-1208\jre\bin\jli.dll
0x00007ffec7380000 - 0x00007ffec7399000 	C:\Users\upl_member\.p2\pool\plugins\org.eclipse.justj.openjdk.hotspot.jre.full.win32.x86_64_17.0.2.v20220201-1208\jre\bin\VCRUNTIME140.dll
0x00007ffedb680000 - 0x00007ffedb814000 	C:\WINDOWS\System32\USER32.dll
0x00007ffed9280000 - 0x00007ffed92a1000 	C:\WINDOWS\System32\win32u.dll
0x00007ffedacc0000 - 0x00007ffedace6000 	C:\WINDOWS\System32\GDI32.dll
0x00007ffed95e0000 - 0x00007ffed9778000 	C:\WINDOWS\System32\gdi32full.dll
0x00007ffebc7c0000 - 0x00007ffebca44000 	C:\WINDOWS\WinSxS\amd64_microsoft.windows.common-controls_6595b64144ccf1df_6.0.18362.1556_none_9e7e372fe45e41d5\COMCTL32.dll
0x00007ffed87d0000 - 0x00007ffed886e000 	C:\WINDOWS\System32\msvcp_win.dll
0x00007ffed9cc0000 - 0x00007ffed9d5e000 	C:\WINDOWS\System32\msvcrt.dll
0x00007ffed9980000 - 0x00007ffed9cb6000 	C:\WINDOWS\System32\combase.dll
0x00007ffeda690000 - 0x00007ffeda7af000 	C:\WINDOWS\System32\RPCRT4.dll
0x00007ffed9880000 - 0x00007ffed9901000 	C:\WINDOWS\System32\bcryptPrimitives.dll
0x00007ffeda310000 - 0x00007ffeda33e000 	C:\WINDOWS\System32\IMM32.DLL
0x00007ffec9ed0000 - 0x00007ffec9edc000 	C:\Users\upl_member\.p2\pool\plugins\org.eclipse.justj.openjdk.hotspot.jre.full.win32.x86_64_17.0.2.v20220201-1208\jre\bin\vcruntime140_1.dll
0x00007ffeb7d20000 - 0x00007ffeb7db1000 	C:\Users\upl_member\.p2\pool\plugins\org.eclipse.justj.openjdk.hotspot.jre.full.win32.x86_64_17.0.2.v20220201-1208\jre\bin\msvcp140.dll
0x00007ffe8fcb0000 - 0x00007ffe908f7000 	C:\Users\upl_member\.p2\pool\plugins\org.eclipse.justj.openjdk.hotspot.jre.full.win32.x86_64_17.0.2.v20220201-1208\jre\bin\server\jvm.dll
0x00007ffedb4b0000 - 0x00007ffedb553000 	C:\WINDOWS\System32\ADVAPI32.dll
0x00007ffeda7b0000 - 0x00007ffeda847000 	C:\WINDOWS\System32\sechost.dll
0x00007ffed9d60000 - 0x00007ffed9d68000 	C:\WINDOWS\System32\PSAPI.DLL
0x00007ffecd600000 - 0x00007ffecd60a000 	C:\WINDOWS\SYSTEM32\VERSION.dll
0x00007ffed1ca0000 - 0x00007ffed1cc4000 	C:\WINDOWS\SYSTEM32\WINMM.dll
0x00007ffed0700000 - 0x00007ffed0709000 	C:\WINDOWS\SYSTEM32\WSOCK32.dll
0x00007ffedb610000 - 0x00007ffedb67f000 	C:\WINDOWS\System32\WS2_32.dll
0x00007ffed1c70000 - 0x00007ffed1c9d000 	C:\WINDOWS\SYSTEM32\winmmbase.dll
0x00007ffed92b0000 - 0x00007ffed92fa000 	C:\WINDOWS\System32\cfgmgr32.dll
0x00007ffed8720000 - 0x00007ffed8731000 	C:\WINDOWS\System32\kernel.appcore.dll
0x00007ffecf610000 - 0x00007ffecf61a000 	C:\Users\upl_member\.p2\pool\plugins\org.eclipse.justj.openjdk.hotspot.jre.full.win32.x86_64_17.0.2.v20220201-1208\jre\bin\jimage.dll
0x00007ffed70b0000 - 0x00007ffed72a4000 	C:\WINDOWS\SYSTEM32\DBGHELP.DLL
0x00007ffebd220000 - 0x00007ffebd24a000 	C:\WINDOWS\SYSTEM32\dbgcore.DLL
0x00007ffec9da0000 - 0x00007ffec9dc5000 	C:\Users\upl_member\.p2\pool\plugins\org.eclipse.justj.openjdk.hotspot.jre.full.win32.x86_64_17.0.2.v20220201-1208\jre\bin\java.dll
0x00007ffec95a0000 - 0x00007ffec95b8000 	C:\Users\upl_member\.p2\pool\plugins\org.eclipse.justj.openjdk.hotspot.jre.full.win32.x86_64_17.0.2.v20220201-1208\jre\bin\zip.dll
0x00007ffedacf0000 - 0x00007ffedb3d7000 	C:\WINDOWS\System32\SHELL32.dll
0x00007ffed9d70000 - 0x00007ffed9e18000 	C:\WINDOWS\System32\shcore.dll
0x00007ffed88f0000 - 0x00007ffed906b000 	C:\WINDOWS\System32\windows.storage.dll
0x00007ffed8790000 - 0x00007ffed87ae000 	C:\WINDOWS\System32\profapi.dll
0x00007ffed8740000 - 0x00007ffed878a000 	C:\WINDOWS\System32\powrprof.dll
0x00007ffed8710000 - 0x00007ffed8720000 	C:\WINDOWS\System32\UMPDC.dll
0x00007ffed9910000 - 0x00007ffed9962000 	C:\WINDOWS\System32\shlwapi.dll
0x00007ffed88d0000 - 0x00007ffed88e7000 	C:\WINDOWS\System32\cryptsp.dll
0x00007ffec8e30000 - 0x00007ffec8e49000 	C:\Users\upl_member\.p2\pool\plugins\org.eclipse.justj.openjdk.hotspot.jre.full.win32.x86_64_17.0.2.v20220201-1208\jre\bin\net.dll
0x00007ffed0fb0000 - 0x00007ffed10aa000 	C:\WINDOWS\SYSTEM32\WINHTTP.dll
0x00007ffed7f50000 - 0x00007ffed7fb7000 	C:\WINDOWS\system32\mswsock.dll
0x00007ffec8c00000 - 0x00007ffec8c15000 	C:\Users\upl_member\.p2\pool\plugins\org.eclipse.justj.openjdk.hotspot.jre.full.win32.x86_64_17.0.2.v20220201-1208\jre\bin\nio.dll

dbghelp: loaded successfully - version: 4.0.5 - missing functions: none
symbol engine: initialized successfully - sym options: 0x614 - pdb path: .;C:\Users\upl_member\.p2\pool\plugins\org.eclipse.justj.openjdk.hotspot.jre.full.win32.x86_64_17.0.2.v20220201-1208\jre\bin;C:\WINDOWS\SYSTEM32;C:\WINDOWS\WinSxS\amd64_microsoft.windows.common-controls_6595b64144ccf1df_6.0.18362.1556_none_9e7e372fe45e41d5;C:\Users\upl_member\.p2\pool\plugins\org.eclipse.justj.openjdk.hotspot.jre.full.win32.x86_64_17.0.2.v20220201-1208\jre\bin\server

VM Arguments:
jvm_args: -Dfile.encoding=MS932 --module-path=C:\Users\upl_member\Desktop\Pokemon\education-2022\POKE\bin -XX:+ShowCodeDetailsInExceptionMessages -Djdk.module.main=POKE 
java_command: POKE/pokemon.Main
java_class_path (initial): <not set>
Launcher Type: SUN_STANDARD

[Global flags]
     intx CICompilerCount                          = 4                                         {product} {ergonomic}
     uint ConcGCThreads                            = 2                                         {product} {ergonomic}
     uint G1ConcRefinementThreads                  = 8                                         {product} {ergonomic}
   size_t G1HeapRegionSize                         = 1048576                                   {product} {ergonomic}
    uintx GCDrainStackTargetSize                   = 64                                        {product} {ergonomic}
   size_t InitialHeapSize                          = 127926272                                 {product} {ergonomic}
   size_t MarkStackSize                            = 4194304                                   {product} {ergonomic}
   size_t MaxHeapSize                              = 2040528896                                {product} {ergonomic}
   size_t MaxNewSize                               = 1223688192                                {product} {ergonomic}
   size_t MinHeapDeltaBytes                        = 1048576                                   {product} {ergonomic}
   size_t MinHeapSize                              = 8388608                                   {product} {ergonomic}
    uintx NonNMethodCodeHeapSize                   = 5839372                                {pd product} {ergonomic}
    uintx NonProfiledCodeHeapSize                  = 122909434                              {pd product} {ergonomic}
    uintx ProfiledCodeHeapSize                     = 122909434                              {pd product} {ergonomic}
    uintx ReservedCodeCacheSize                    = 251658240                              {pd product} {ergonomic}
     bool SegmentedCodeCache                       = true                                      {product} {ergonomic}
     bool ShowCodeDetailsInExceptionMessages       = true                                   {manageable} {command line}
   size_t SoftMaxHeapSize                          = 2040528896                             {manageable} {ergonomic}
     bool UseCompressedClassPointers               = true                           {product lp64_product} {ergonomic}
     bool UseCompressedOops                        = true                           {product lp64_product} {ergonomic}
     bool UseG1GC                                  = true                                      {product} {ergonomic}
     bool UseLargePagesIndividualAllocation        = false                                  {pd product} {ergonomic}

Logging:
Log output configuration:
 #0: stdout all=warning uptime,level,tags
 #1: stderr all=off uptime,level,tags

Environment Variables:
PATH=C:/Users/upl_member/.p2/pool/plugins/org.eclipse.justj.openjdk.hotspot.jre.full.win32.x86_64_17.0.2.v20220201-1208/jre/bin/server;C:/Users/upl_member/.p2/pool/plugins/org.eclipse.justj.openjdk.hotspot.jre.full.win32.x86_64_17.0.2.v20220201-1208/jre/bin;C:\Program Files\Common Files\Oracle\Java\javapath;C:\WINDOWS\system32;C:\WINDOWS;C:\WINDOWS\System32\Wbem;C:\WINDOWS\System32\WindowsPowerShell\v1.0\;C:\WINDOWS\System32\OpenSSH\;C:\Program Files\Git\cmd;C:\Users\upl_member\AppData\Local\Microsoft\WindowsApps;;C:\Users\upl_member\Desktop;
USERNAME=upl_member
OS=Windows_NT
PROCESSOR_IDENTIFIER=Intel64 Family 6 Model 126 Stepping 5, GenuineIntel



---------------  S Y S T E M  ---------------

OS:
 Windows 10 , 64 bit Build 18362 (10.0.18362.1500)
OS uptime: 122 days 0:28 hours

CPU: total 8 (initial active 8) (4 cores per cpu, 2 threads per core) family 6 model 126 stepping 5 microcode 0xa6, cx8, cmov, fxsr, ht, mmx, 3dnowpref, sse, sse2, sse3, ssse3, sse4.1, sse4.2, popcnt, lzcnt, tsc, tscinvbit, avx, avx2, aes, erms, clmul, bmi1, bmi2, adx, avx512f, avx512dq, avx512cd, avx512bw, avx512vl, sha, fma, vzeroupper, avx512_vpopcntdq, avx512_vpclmulqdq, avx512_vaes, avx512_vnni, clflush, clflushopt, avx512_vbmi2, avx512_vbmi

Memory: 4k page, system-wide physical 7778M (1479M free)
TotalPageFile size 22892M (AvailPageFile size 3M)
current process WorkingSet (physical memory assigned to process): 37M, peak: 37M
current process commit charge ("private bytes"): 201M, peak: 201M

vm_info: OpenJDK 64-Bit Server VM (17.0.2+8) for windows-amd64 JRE (17.0.2+8), built on Jan 20 2022 04:52:34 by "" with MS VC++ 16.7 (VS2019)

END.
