#
# There is insufficient memory for the Java Runtime Environment to continue.
# Native memory allocation (mmap) failed to map 65536 bytes for Failed to commit metaspace.
# Possible reasons:
#   The system is out of physical RAM or swap space
#   The process is running with CompressedOops enabled, and the Java Heap may be blocking the growth of the native heap
# Possible solutions:
#   Reduce memory load on the system
#   Increase physical memory or swap space
#   Check if swap backing store is full
#   Decrease Java heap size (-Xmx/-Xms)
#   Decrease number of Java threads
#   Decrease Java thread stack sizes (-Xss)
#   Set larger code cache with -XX:ReservedCodeCacheSize=
#   JVM is running with Unscaled Compressed Oops mode in which the Java heap is
#     placed in the first 4GB address space. The Java Heap base address is the
#     maximum limit for the native heap growth. Please use -XX:HeapBaseMinAddress
#     to set the Java Heap base and to place the Java Heap above 4GB virtual address.
# This output file may be truncated or incomplete.
#
#  Out of Memory Error (virtualSpaceNode.cpp:110), pid=37472, tid=37620
#
# JRE version: OpenJDK Runtime Environment Temurin-17.0.2+8 (17.0.2+8) (build 17.0.2+8)
# Java VM: OpenJDK 64-Bit Server VM Temurin-17.0.2+8 (17.0.2+8, mixed mode, tiered, compressed oops, compressed class ptrs, g1 gc, windows-amd64)
# No core dump will be written. Minidumps are not enabled by default on client versions of Windows
#

---------------  S U M M A R Y ------------

Command Line: -Dfile.encoding=MS932 --module-path=C:\Users\upl_member\Desktop\Pokemon\education-2022\POKE\bin -XX:+ShowCodeDetailsInExceptionMessages -Djdk.module.main=POKE POKE/pokemon.Main

Host: Intel(R) Core(TM) i5-1035G7 CPU @ 1.20GHz, 8 cores, 7G,  Windows 10 , 64 bit Build 18362 (10.0.18362.1500)
Time: Thu Apr 21 13:03:09 2022 ìåãû (ïWèÄéû) elapsed time: 0.179000 seconds (0d 0h 0m 0s)

---------------  T H R E A D  ---------------

Current thread (0x000001f52e19b590):  JavaThread "main" [_thread_in_vm, id=37620, stack(0x0000002f20b00000,0x0000002f20c00000)]

Stack: [0x0000002f20b00000,0x0000002f20c00000]
Native frames: (J=compiled Java code, j=interpreted, Vv=VM code, C=native code)
V  [jvm.dll+0x67564a]
V  [jvm.dll+0x82fc04]
V  [jvm.dll+0x8313ae]
V  [jvm.dll+0x831a13]
V  [jvm.dll+0x245235]
V  [jvm.dll+0x82bbab]
V  [jvm.dll+0x61a336]
V  [jvm.dll+0x61a39a]
V  [jvm.dll+0x61cbba]
V  [jvm.dll+0x61acd6]
V  [jvm.dll+0x23abf0]
V  [jvm.dll+0x1ea88d]
V  [jvm.dll+0x1e02c1]
V  [jvm.dll+0x53b6e0]
V  [jvm.dll+0x1f0ab7]
V  [jvm.dll+0x7aa1bb]
V  [jvm.dll+0x7ab562]
V  [jvm.dll+0x7ab898]
V  [jvm.dll+0x23d51e]
V  [jvm.dll+0x37e8ce]
C  0x000001f53302b6e4

Java frames: (J=compiled Java code, j=interpreted, Vv=VM code)
j  java.util.ResourceBundle$Control$CandidateListCache.getDefaultList(Ljava/lang/String;Ljava/lang/String;Ljava/lang/String;Ljava/lang/String;)Ljava/util/List;+62 java.base@17.0.2
j  java.util.ResourceBundle$Control$CandidateListCache.createObject(Lsun/util/locale/BaseLocale;)Ljava/util/List;+551 java.base@17.0.2
j  java.util.ResourceBundle$Control$CandidateListCache.createObject(Ljava/lang/Object;)Ljava/lang/Object;+5 java.base@17.0.2
j  sun.util.locale.LocaleObjectCache.get(Ljava/lang/Object;)Ljava/lang/Object;+41 java.base@17.0.2
j  java.util.ResourceBundle$Control.getCandidateLocales(Ljava/lang/String;Ljava/util/Locale;)Ljava/util/List;+23 java.base@17.0.2
j  sun.util.locale.provider.JRELocaleProviderAdapter.getCandidateLocales(Ljava/lang/String;Ljava/util/Locale;)Ljava/util/List;+8 java.base@17.0.2
j  sun.util.cldr.CLDRLocaleProviderAdapter.getCandidateLocales(Ljava/lang/String;Ljava/util/Locale;)Ljava/util/List;+6 java.base@17.0.2
j  sun.util.resources.LocaleData$LocaleDataStrategy.getCandidateLocales(Ljava/lang/String;Ljava/util/Locale;)Ljava/util/List;+88 java.base@17.0.2
j  sun.util.resources.Bundles.loadBundleOf(Ljava/lang/String;Ljava/util/Locale;Lsun/util/resources/Bundles$Strategy;)Ljava/util/ResourceBundle;+99 java.base@17.0.2
j  sun.util.resources.Bundles.of(Ljava/lang/String;Ljava/util/Locale;Lsun/util/resources/Bundles$Strategy;)Ljava/util/ResourceBundle;+3 java.base@17.0.2
j  sun.util.resources.LocaleData$1.run()Ljava/util/ResourceBundle;+11 java.base@17.0.2
j  sun.util.resources.LocaleData$1.run()Ljava/lang/Object;+1 java.base@17.0.2
j  java.security.AccessController.executePrivileged(Ljava/security/PrivilegedAction;Ljava/security/AccessControlContext;Ljava/lang/Class;)Ljava/lang/Object;+29 java.base@17.0.2
j  java.security.AccessController.doPrivileged(Ljava/security/PrivilegedAction;)Ljava/lang/Object;+5 java.base@17.0.2
j  sun.util.resources.LocaleData.getBundle(Ljava/lang/String;Ljava/util/Locale;)Ljava/util/ResourceBundle;+9 java.base@17.0.2
j  sun.util.resources.LocaleData.getNumberFormatData(Ljava/util/Locale;)Ljava/util/ResourceBundle;+26 java.base@17.0.2
j  sun.util.locale.provider.LocaleResources.getNumberPatterns()[Ljava/lang/String;+44 java.base@17.0.2
j  sun.util.locale.provider.NumberFormatProviderImpl.getInstance(Ljava/util/Locale;I)Ljava/text/NumberFormat;+45 java.base@17.0.2
j  sun.util.locale.provider.NumberFormatProviderImpl.getNumberInstance(Ljava/util/Locale;)Ljava/text/NumberFormat;+3 java.base@17.0.2
j  java.text.NumberFormat.getInstance(Lsun/util/locale/provider/LocaleProviderAdapter;Ljava/util/Locale;Ljava/text/NumberFormat$Style;I)Ljava/text/NumberFormat;+47 java.base@17.0.2
j  java.text.NumberFormat.getInstance(Ljava/util/Locale;Ljava/text/NumberFormat$Style;I)Ljava/text/NumberFormat;+11 java.base@17.0.2
j  java.text.NumberFormat.getNumberInstance(Ljava/util/Locale;)Ljava/text/NumberFormat;+3 java.base@17.0.2
j  java.util.Scanner.useLocale(Ljava/util/Locale;)Ljava/util/Scanner;+31 java.base@17.0.2
j  java.util.Scanner.<init>(Ljava/lang/Readable;Ljava/util/regex/Pattern;)V+243 java.base@17.0.2
j  java.util.Scanner.<init>(Ljava/io/InputStream;)V+12 java.base@17.0.2
j  pokemon.Main.main([Ljava/lang/String;)V+7 POKE
v  ~StubRoutines::call_stub

---------------  P R O C E S S  ---------------

Threads class SMR info:
_java_thread_list=0x000001f54aa62bb0, length=12, elements={
0x000001f52e19b590, 0x000001f549d50c20, 0x000001f549d51890, 0x000001f549dbc430,
0x000001f549dbe910, 0x000001f54a815eb0, 0x000001f54a816b20, 0x000001f54a81f770,
0x000001f54a821430, 0x000001f54a823950, 0x000001f54a90ec40, 0x000001f54aa87960
}

Java Threads: ( => current thread )
=>0x000001f52e19b590 JavaThread "main" [_thread_in_vm, id=37620, stack(0x0000002f20b00000,0x0000002f20c00000)]
  0x000001f549d50c20 JavaThread "Reference Handler" daemon [_thread_blocked, id=38260, stack(0x0000002f21200000,0x0000002f21300000)]
  0x000001f549d51890 JavaThread "Finalizer" daemon [_thread_blocked, id=9132, stack(0x0000002f21300000,0x0000002f21400000)]
  0x000001f549dbc430 JavaThread "Signal Dispatcher" daemon [_thread_blocked, id=24828, stack(0x0000002f21400000,0x0000002f21500000)]
  0x000001f549dbe910 JavaThread "Attach Listener" daemon [_thread_blocked, id=37312, stack(0x0000002f21500000,0x0000002f21600000)]
  0x000001f54a815eb0 JavaThread "Service Thread" daemon [_thread_blocked, id=37748, stack(0x0000002f21600000,0x0000002f21700000)]
  0x000001f54a816b20 JavaThread "Monitor Deflation Thread" daemon [_thread_blocked, id=38356, stack(0x0000002f21700000,0x0000002f21800000)]
  0x000001f54a81f770 JavaThread "C2 CompilerThread0" daemon [_thread_blocked, id=19252, stack(0x0000002f21800000,0x0000002f21900000)]
  0x000001f54a821430 JavaThread "C1 CompilerThread0" daemon [_thread_blocked, id=24548, stack(0x0000002f21900000,0x0000002f21a00000)]
  0x000001f54a823950 JavaThread "Sweeper thread" daemon [_thread_blocked, id=12168, stack(0x0000002f21a00000,0x0000002f21b00000)]
  0x000001f54a90ec40 JavaThread "Common-Cleaner" daemon [_thread_blocked, id=35708, stack(0x0000002f21b00000,0x0000002f21c00000)]
  0x000001f54aa87960 JavaThread "Notification Thread" daemon [_thread_blocked, id=34508, stack(0x0000002f21c00000,0x0000002f21d00000)]

Other Threads:
  0x000001f549d6dd30 VMThread "VM Thread" [stack: 0x0000002f21100000,0x0000002f21200000] [id=25628]
  0x000001f54aa88e40 WatcherThread [stack: 0x0000002f21d00000,0x0000002f21e00000] [id=29364]
  0x000001f52e1db440 GCTaskThread "GC Thread#0" [stack: 0x0000002f20c00000,0x0000002f20d00000] [id=34492]
  0x000001f52e1ec5e0 ConcurrentGCThread "G1 Main Marker" [stack: 0x0000002f20d00000,0x0000002f20e00000] [id=23708]
  0x000001f52e1ee310 ConcurrentGCThread "G1 Conc#0" [stack: 0x0000002f20e00000,0x0000002f20f00000] [id=37528]
  0x000001f52e267f10 ConcurrentGCThread "G1 Refine#0" [stack: 0x0000002f20f00000,0x0000002f21000000] [id=24272]
  0x000001f52e26a360 ConcurrentGCThread "G1 Service" [stack: 0x0000002f21000000,0x0000002f21100000] [id=14220]

Threads with active compile tasks:

VM state: not at safepoint (normal execution)

VM Mutex/Monitor currently owned by a thread:  ([mutex/lock_event])
[0x000001f52e195370] Metaspace_lock - owner thread: 0x000001f52e19b590

Heap address: 0x0000000086600000, size: 1946 MB, Compressed Oops mode: 32-bit

CDS archive(s) not mapped
Compressed class space mapped at: 0x0000000100000000-0x0000000140000000, reserved size: 1073741824
Narrow klass base: 0x0000000000000000, Narrow klass shift: 3, Narrow klass range: 0x140000000

GC Precious Log:
 CPUs: 8 total, 8 available
 Memory: 7778M
 Large Page Support: Disabled
 NUMA Support: Disabled
 Compressed Oops: Enabled (32-bit)
 Heap Region Size: 1M
 Heap Min Capacity: 8M
 Heap Initial Capacity: 122M
 Heap Max Capacity: 1946M
 Pre-touch: Disabled
 Parallel Workers: 8
 Concurrent Workers: 2
 Concurrent Refinement Workers: 8
 Periodic GC: Disabled

Heap:
 garbage-first heap   total 124928K, used 2048K [0x0000000086600000, 0x0000000100000000)
  region size 1024K, 3 young (3072K), 0 survivors (0K)
 Metaspace       used 7083K, committed 7232K, reserved 1056768K
  class space    used 622K, committed 704K, reserved 1048576K

Heap Regions: E=young(eden), S=young(survivor), O=old, HS=humongous(starts), HC=humongous(continues), CS=collection set, F=free, OA=open archive, CA=closed archive, TAMS=top-at-mark-start (previous, next)
|   0|0x0000000086600000, 0x0000000086600000, 0x0000000086700000|  0%| F|  |TAMS 0x0000000086600000, 0x0000000086600000| Untracked 
|   1|0x0000000086700000, 0x0000000086700000, 0x0000000086800000|  0%| F|  |TAMS 0x0000000086700000, 0x0000000086700000| Untracked 
|   2|0x0000000086800000, 0x0000000086800000, 0x0000000086900000|  0%| F|  |TAMS 0x0000000086800000, 0x0000000086800000| Untracked 
|   3|0x0000000086900000, 0x0000000086900000, 0x0000000086a00000|  0%| F|  |TAMS 0x0000000086900000, 0x0000000086900000| Untracked 
|   4|0x0000000086a00000, 0x0000000086a00000, 0x0000000086b00000|  0%| F|  |TAMS 0x0000000086a00000, 0x0000000086a00000| Untracked 
|   5|0x0000000086b00000, 0x0000000086b00000, 0x0000000086c00000|  0%| F|  |TAMS 0x0000000086b00000, 0x0000000086b00000| Untracked 
|   6|0x0000000086c00000, 0x0000000086c00000, 0x0000000086d00000|  0%| F|  |TAMS 0x0000000086c00000, 0x0000000086c00000| Untracked 
|   7|0x0000000086d00000, 0x0000000086d00000, 0x0000000086e00000|  0%| F|  |TAMS 0x0000000086d00000, 0x0000000086d00000| Untracked 
|   8|0x0000000086e00000, 0x0000000086e00000, 0x0000000086f00000|  0%| F|  |TAMS 0x0000000086e00000, 0x0000000086e00000| Untracked 
|   9|0x0000000086f00000, 0x0000000086f00000, 0x0000000087000000|  0%| F|  |TAMS 0x0000000086f00000, 0x0000000086f00000| Untracked 
|  10|0x0000000087000000, 0x0000000087000000, 0x0000000087100000|  0%| F|  |TAMS 0x0000000087000000, 0x0000000087000000| Untracked 
|  11|0x0000000087100000, 0x0000000087100000, 0x0000000087200000|  0%| F|  |TAMS 0x0000000087100000, 0x0000000087100000| Untracked 
|  12|0x0000000087200000, 0x0000000087200000, 0x0000000087300000|  0%| F|  |TAMS 0x0000000087200000, 0x0000000087200000| Untracked 
|  13|0x0000000087300000, 0x0000000087300000, 0x0000000087400000|  0%| F|  |TAMS 0x0000000087300000, 0x0000000087300000| Untracked 
|  14|0x0000000087400000, 0x0000000087400000, 0x0000000087500000|  0%| F|  |TAMS 0x0000000087400000, 0x0000000087400000| Untracked 
|  15|0x0000000087500000, 0x0000000087500000, 0x0000000087600000|  0%| F|  |TAMS 0x0000000087500000, 0x0000000087500000| Untracked 
|  16|0x0000000087600000, 0x0000000087600000, 0x0000000087700000|  0%| F|  |TAMS 0x0000000087600000, 0x0000000087600000| Untracked 
|  17|0x0000000087700000, 0x0000000087700000, 0x0000000087800000|  0%| F|  |TAMS 0x0000000087700000, 0x0000000087700000| Untracked 
|  18|0x0000000087800000, 0x0000000087800000, 0x0000000087900000|  0%| F|  |TAMS 0x0000000087800000, 0x0000000087800000| Untracked 
|  19|0x0000000087900000, 0x0000000087900000, 0x0000000087a00000|  0%| F|  |TAMS 0x0000000087900000, 0x0000000087900000| Untracked 
|  20|0x0000000087a00000, 0x0000000087a00000, 0x0000000087b00000|  0%| F|  |TAMS 0x0000000087a00000, 0x0000000087a00000| Untracked 
|  21|0x0000000087b00000, 0x0000000087b00000, 0x0000000087c00000|  0%| F|  |TAMS 0x0000000087b00000, 0x0000000087b00000| Untracked 
|  22|0x0000000087c00000, 0x0000000087c00000, 0x0000000087d00000|  0%| F|  |TAMS 0x0000000087c00000, 0x0000000087c00000| Untracked 
|  23|0x0000000087d00000, 0x0000000087d00000, 0x0000000087e00000|  0%| F|  |TAMS 0x0000000087d00000, 0x0000000087d00000| Untracked 
|  24|0x0000000087e00000, 0x0000000087e00000, 0x0000000087f00000|  0%| F|  |TAMS 0x0000000087e00000, 0x0000000087e00000| Untracked 
|  25|0x0000000087f00000, 0x0000000087f00000, 0x0000000088000000|  0%| F|  |TAMS 0x0000000087f00000, 0x0000000087f00000| Untracked 
|  26|0x0000000088000000, 0x0000000088000000, 0x0000000088100000|  0%| F|  |TAMS 0x0000000088000000, 0x0000000088000000| Untracked 
|  27|0x0000000088100000, 0x0000000088100000, 0x0000000088200000|  0%| F|  |TAMS 0x0000000088100000, 0x0000000088100000| Untracked 
|  28|0x0000000088200000, 0x0000000088200000, 0x0000000088300000|  0%| F|  |TAMS 0x0000000088200000, 0x0000000088200000| Untracked 
|  29|0x0000000088300000, 0x0000000088300000, 0x0000000088400000|  0%| F|  |TAMS 0x0000000088300000, 0x0000000088300000| Untracked 
|  30|0x0000000088400000, 0x0000000088400000, 0x0000000088500000|  0%| F|  |TAMS 0x0000000088400000, 0x0000000088400000| Untracked 
|  31|0x0000000088500000, 0x0000000088500000, 0x0000000088600000|  0%| F|  |TAMS 0x0000000088500000, 0x0000000088500000| Untracked 
|  32|0x0000000088600000, 0x0000000088600000, 0x0000000088700000|  0%| F|  |TAMS 0x0000000088600000, 0x0000000088600000| Untracked 
|  33|0x0000000088700000, 0x0000000088700000, 0x0000000088800000|  0%| F|  |TAMS 0x0000000088700000, 0x0000000088700000| Untracked 
|  34|0x0000000088800000, 0x0000000088800000, 0x0000000088900000|  0%| F|  |TAMS 0x0000000088800000, 0x0000000088800000| Untracked 
|  35|0x0000000088900000, 0x0000000088900000, 0x0000000088a00000|  0%| F|  |TAMS 0x0000000088900000, 0x0000000088900000| Untracked 
|  36|0x0000000088a00000, 0x0000000088a00000, 0x0000000088b00000|  0%| F|  |TAMS 0x0000000088a00000, 0x0000000088a00000| Untracked 
|  37|0x0000000088b00000, 0x0000000088b00000, 0x0000000088c00000|  0%| F|  |TAMS 0x0000000088b00000, 0x0000000088b00000| Untracked 
|  38|0x0000000088c00000, 0x0000000088c00000, 0x0000000088d00000|  0%| F|  |TAMS 0x0000000088c00000, 0x0000000088c00000| Untracked 
|  39|0x0000000088d00000, 0x0000000088d00000, 0x0000000088e00000|  0%| F|  |TAMS 0x0000000088d00000, 0x0000000088d00000| Untracked 
|  40|0x0000000088e00000, 0x0000000088e00000, 0x0000000088f00000|  0%| F|  |TAMS 0x0000000088e00000, 0x0000000088e00000| Untracked 
|  41|0x0000000088f00000, 0x0000000088f00000, 0x0000000089000000|  0%| F|  |TAMS 0x0000000088f00000, 0x0000000088f00000| Untracked 
|  42|0x0000000089000000, 0x0000000089000000, 0x0000000089100000|  0%| F|  |TAMS 0x0000000089000000, 0x0000000089000000| Untracked 
|  43|0x0000000089100000, 0x0000000089100000, 0x0000000089200000|  0%| F|  |TAMS 0x0000000089100000, 0x0000000089100000| Untracked 
|  44|0x0000000089200000, 0x0000000089200000, 0x0000000089300000|  0%| F|  |TAMS 0x0000000089200000, 0x0000000089200000| Untracked 
|  45|0x0000000089300000, 0x0000000089300000, 0x0000000089400000|  0%| F|  |TAMS 0x0000000089300000, 0x0000000089300000| Untracked 
|  46|0x0000000089400000, 0x0000000089400000, 0x0000000089500000|  0%| F|  |TAMS 0x0000000089400000, 0x0000000089400000| Untracked 
|  47|0x0000000089500000, 0x0000000089500000, 0x0000000089600000|  0%| F|  |TAMS 0x0000000089500000, 0x0000000089500000| Untracked 
|  48|0x0000000089600000, 0x0000000089600000, 0x0000000089700000|  0%| F|  |TAMS 0x0000000089600000, 0x0000000089600000| Untracked 
|  49|0x0000000089700000, 0x0000000089700000, 0x0000000089800000|  0%| F|  |TAMS 0x0000000089700000, 0x0000000089700000| Untracked 
|  50|0x0000000089800000, 0x0000000089800000, 0x0000000089900000|  0%| F|  |TAMS 0x0000000089800000, 0x0000000089800000| Untracked 
|  51|0x0000000089900000, 0x0000000089900000, 0x0000000089a00000|  0%| F|  |TAMS 0x0000000089900000, 0x0000000089900000| Untracked 
|  52|0x0000000089a00000, 0x0000000089a00000, 0x0000000089b00000|  0%| F|  |TAMS 0x0000000089a00000, 0x0000000089a00000| Untracked 
|  53|0x0000000089b00000, 0x0000000089b00000, 0x0000000089c00000|  0%| F|  |TAMS 0x0000000089b00000, 0x0000000089b00000| Untracked 
|  54|0x0000000089c00000, 0x0000000089c00000, 0x0000000089d00000|  0%| F|  |TAMS 0x0000000089c00000, 0x0000000089c00000| Untracked 
|  55|0x0000000089d00000, 0x0000000089d00000, 0x0000000089e00000|  0%| F|  |TAMS 0x0000000089d00000, 0x0000000089d00000| Untracked 
|  56|0x0000000089e00000, 0x0000000089e00000, 0x0000000089f00000|  0%| F|  |TAMS 0x0000000089e00000, 0x0000000089e00000| Untracked 
|  57|0x0000000089f00000, 0x0000000089f00000, 0x000000008a000000|  0%| F|  |TAMS 0x0000000089f00000, 0x0000000089f00000| Untracked 
|  58|0x000000008a000000, 0x000000008a000000, 0x000000008a100000|  0%| F|  |TAMS 0x000000008a000000, 0x000000008a000000| Untracked 
|  59|0x000000008a100000, 0x000000008a100000, 0x000000008a200000|  0%| F|  |TAMS 0x000000008a100000, 0x000000008a100000| Untracked 
|  60|0x000000008a200000, 0x000000008a200000, 0x000000008a300000|  0%| F|  |TAMS 0x000000008a200000, 0x000000008a200000| Untracked 
|  61|0x000000008a300000, 0x000000008a300000, 0x000000008a400000|  0%| F|  |TAMS 0x000000008a300000, 0x000000008a300000| Untracked 
|  62|0x000000008a400000, 0x000000008a400000, 0x000000008a500000|  0%| F|  |TAMS 0x000000008a400000, 0x000000008a400000| Untracked 
|  63|0x000000008a500000, 0x000000008a500000, 0x000000008a600000|  0%| F|  |TAMS 0x000000008a500000, 0x000000008a500000| Untracked 
|  64|0x000000008a600000, 0x000000008a600000, 0x000000008a700000|  0%| F|  |TAMS 0x000000008a600000, 0x000000008a600000| Untracked 
|  65|0x000000008a700000, 0x000000008a700000, 0x000000008a800000|  0%| F|  |TAMS 0x000000008a700000, 0x000000008a700000| Untracked 
|  66|0x000000008a800000, 0x000000008a800000, 0x000000008a900000|  0%| F|  |TAMS 0x000000008a800000, 0x000000008a800000| Untracked 
|  67|0x000000008a900000, 0x000000008a900000, 0x000000008aa00000|  0%| F|  |TAMS 0x000000008a900000, 0x000000008a900000| Untracked 
|  68|0x000000008aa00000, 0x000000008aa00000, 0x000000008ab00000|  0%| F|  |TAMS 0x000000008aa00000, 0x000000008aa00000| Untracked 
|  69|0x000000008ab00000, 0x000000008ab00000, 0x000000008ac00000|  0%| F|  |TAMS 0x000000008ab00000, 0x000000008ab00000| Untracked 
|  70|0x000000008ac00000, 0x000000008ac00000, 0x000000008ad00000|  0%| F|  |TAMS 0x000000008ac00000, 0x000000008ac00000| Untracked 
|  71|0x000000008ad00000, 0x000000008ad00000, 0x000000008ae00000|  0%| F|  |TAMS 0x000000008ad00000, 0x000000008ad00000| Untracked 
|  72|0x000000008ae00000, 0x000000008ae00000, 0x000000008af00000|  0%| F|  |TAMS 0x000000008ae00000, 0x000000008ae00000| Untracked 
|  73|0x000000008af00000, 0x000000008af00000, 0x000000008b000000|  0%| F|  |TAMS 0x000000008af00000, 0x000000008af00000| Untracked 
|  74|0x000000008b000000, 0x000000008b000000, 0x000000008b100000|  0%| F|  |TAMS 0x000000008b000000, 0x000000008b000000| Untracked 
|  75|0x000000008b100000, 0x000000008b100000, 0x000000008b200000|  0%| F|  |TAMS 0x000000008b100000, 0x000000008b100000| Untracked 
|  76|0x000000008b200000, 0x000000008b200000, 0x000000008b300000|  0%| F|  |TAMS 0x000000008b200000, 0x000000008b200000| Untracked 
|  77|0x000000008b300000, 0x000000008b300000, 0x000000008b400000|  0%| F|  |TAMS 0x000000008b300000, 0x000000008b300000| Untracked 
|  78|0x000000008b400000, 0x000000008b400000, 0x000000008b500000|  0%| F|  |TAMS 0x000000008b400000, 0x000000008b400000| Untracked 
|  79|0x000000008b500000, 0x000000008b500000, 0x000000008b600000|  0%| F|  |TAMS 0x000000008b500000, 0x000000008b500000| Untracked 
|  80|0x000000008b600000, 0x000000008b600000, 0x000000008b700000|  0%| F|  |TAMS 0x000000008b600000, 0x000000008b600000| Untracked 
|  81|0x000000008b700000, 0x000000008b700000, 0x000000008b800000|  0%| F|  |TAMS 0x000000008b700000, 0x000000008b700000| Untracked 
|  82|0x000000008b800000, 0x000000008b800000, 0x000000008b900000|  0%| F|  |TAMS 0x000000008b800000, 0x000000008b800000| Untracked 
|  83|0x000000008b900000, 0x000000008b900000, 0x000000008ba00000|  0%| F|  |TAMS 0x000000008b900000, 0x000000008b900000| Untracked 
|  84|0x000000008ba00000, 0x000000008ba00000, 0x000000008bb00000|  0%| F|  |TAMS 0x000000008ba00000, 0x000000008ba00000| Untracked 
|  85|0x000000008bb00000, 0x000000008bb00000, 0x000000008bc00000|  0%| F|  |TAMS 0x000000008bb00000, 0x000000008bb00000| Untracked 
|  86|0x000000008bc00000, 0x000000008bc00000, 0x000000008bd00000|  0%| F|  |TAMS 0x000000008bc00000, 0x000000008bc00000| Untracked 
|  87|0x000000008bd00000, 0x000000008bd00000, 0x000000008be00000|  0%| F|  |TAMS 0x000000008bd00000, 0x000000008bd00000| Untracked 
|  88|0x000000008be00000, 0x000000008be00000, 0x000000008bf00000|  0%| F|  |TAMS 0x000000008be00000, 0x000000008be00000| Untracked 
|  89|0x000000008bf00000, 0x000000008bf00000, 0x000000008c000000|  0%| F|  |TAMS 0x000000008bf00000, 0x000000008bf00000| Untracked 
|  90|0x000000008c000000, 0x000000008c000000, 0x000000008c100000|  0%| F|  |TAMS 0x000000008c000000, 0x000000008c000000| Untracked 
|  91|0x000000008c100000, 0x000000008c100000, 0x000000008c200000|  0%| F|  |TAMS 0x000000008c100000, 0x000000008c100000| Untracked 
|  92|0x000000008c200000, 0x000000008c200000, 0x000000008c300000|  0%| F|  |TAMS 0x000000008c200000, 0x000000008c200000| Untracked 
|  93|0x000000008c300000, 0x000000008c300000, 0x000000008c400000|  0%| F|  |TAMS 0x000000008c300000, 0x000000008c300000| Untracked 
|  94|0x000000008c400000, 0x000000008c400000, 0x000000008c500000|  0%| F|  |TAMS 0x000000008c400000, 0x000000008c400000| Untracked 
|  95|0x000000008c500000, 0x000000008c500000, 0x000000008c600000|  0%| F|  |TAMS 0x000000008c500000, 0x000000008c500000| Untracked 
|  96|0x000000008c600000, 0x000000008c600000, 0x000000008c700000|  0%| F|  |TAMS 0x000000008c600000, 0x000000008c600000| Untracked 
|  97|0x000000008c700000, 0x000000008c700000, 0x000000008c800000|  0%| F|  |TAMS 0x000000008c700000, 0x000000008c700000| Untracked 
|  98|0x000000008c800000, 0x000000008c800000, 0x000000008c900000|  0%| F|  |TAMS 0x000000008c800000, 0x000000008c800000| Untracked 
|  99|0x000000008c900000, 0x000000008c900000, 0x000000008ca00000|  0%| F|  |TAMS 0x000000008c900000, 0x000000008c900000| Untracked 
| 100|0x000000008ca00000, 0x000000008ca00000, 0x000000008cb00000|  0%| F|  |TAMS 0x000000008ca00000, 0x000000008ca00000| Untracked 
| 101|0x000000008cb00000, 0x000000008cb00000, 0x000000008cc00000|  0%| F|  |TAMS 0x000000008cb00000, 0x000000008cb00000| Untracked 
| 102|0x000000008cc00000, 0x000000008cc00000, 0x000000008cd00000|  0%| F|  |TAMS 0x000000008cc00000, 0x000000008cc00000| Untracked 
| 103|0x000000008cd00000, 0x000000008cd00000, 0x000000008ce00000|  0%| F|  |TAMS 0x000000008cd00000, 0x000000008cd00000| Untracked 
| 104|0x000000008ce00000, 0x000000008ce00000, 0x000000008cf00000|  0%| F|  |TAMS 0x000000008ce00000, 0x000000008ce00000| Untracked 
| 105|0x000000008cf00000, 0x000000008cf00000, 0x000000008d000000|  0%| F|  |TAMS 0x000000008cf00000, 0x000000008cf00000| Untracked 
| 106|0x000000008d000000, 0x000000008d000000, 0x000000008d100000|  0%| F|  |TAMS 0x000000008d000000, 0x000000008d000000| Untracked 
| 107|0x000000008d100000, 0x000000008d100000, 0x000000008d200000|  0%| F|  |TAMS 0x000000008d100000, 0x000000008d100000| Untracked 
| 108|0x000000008d200000, 0x000000008d200000, 0x000000008d300000|  0%| F|  |TAMS 0x000000008d200000, 0x000000008d200000| Untracked 
| 109|0x000000008d300000, 0x000000008d300000, 0x000000008d400000|  0%| F|  |TAMS 0x000000008d300000, 0x000000008d300000| Untracked 
| 110|0x000000008d400000, 0x000000008d400000, 0x000000008d500000|  0%| F|  |TAMS 0x000000008d400000, 0x000000008d400000| Untracked 
| 111|0x000000008d500000, 0x000000008d500000, 0x000000008d600000|  0%| F|  |TAMS 0x000000008d500000, 0x000000008d500000| Untracked 
| 112|0x000000008d600000, 0x000000008d600000, 0x000000008d700000|  0%| F|  |TAMS 0x000000008d600000, 0x000000008d600000| Untracked 
| 113|0x000000008d700000, 0x000000008d700000, 0x000000008d800000|  0%| F|  |TAMS 0x000000008d700000, 0x000000008d700000| Untracked 
| 114|0x000000008d800000, 0x000000008d800000, 0x000000008d900000|  0%| F|  |TAMS 0x000000008d800000, 0x000000008d800000| Untracked 
| 115|0x000000008d900000, 0x000000008d900000, 0x000000008da00000|  0%| F|  |TAMS 0x000000008d900000, 0x000000008d900000| Untracked 
| 116|0x000000008da00000, 0x000000008da00000, 0x000000008db00000|  0%| F|  |TAMS 0x000000008da00000, 0x000000008da00000| Untracked 
| 117|0x000000008db00000, 0x000000008db00000, 0x000000008dc00000|  0%| F|  |TAMS 0x000000008db00000, 0x000000008db00000| Untracked 
| 118|0x000000008dc00000, 0x000000008dc00000, 0x000000008dd00000|  0%| F|  |TAMS 0x000000008dc00000, 0x000000008dc00000| Untracked 
| 119|0x000000008dd00000, 0x000000008ddec090, 0x000000008de00000| 92%| E|  |TAMS 0x000000008dd00000, 0x000000008dd00000| Complete 
| 120|0x000000008de00000, 0x000000008df00000, 0x000000008df00000|100%| E|CS|TAMS 0x000000008de00000, 0x000000008de00000| Complete 
| 121|0x000000008df00000, 0x000000008e000000, 0x000000008e000000|100%| E|CS|TAMS 0x000000008df00000, 0x000000008df00000| Complete 

Card table byte_map: [0x000001f542e40000,0x000001f543210000] _byte_map_base: 0x000001f542a0d000

Marking Bits (Prev, Next): (CMBitMap*) 0x000001f52e1dc970, (CMBitMap*) 0x000001f52e1dc9b0
 Prev Bits: [0x000001f5435e0000, 0x000001f545448000)
 Next Bits: [0x000001f545450000, 0x000001f5472b8000)

Polling page: 0x000001f52df80000

Metaspace:

Usage:
  Non-class:      6.31 MB used.
      Class:    622.00 KB used.
       Both:      6.92 MB used.

Virtual space:
  Non-class space:        8.00 MB reserved,       6.38 MB ( 80%) committed,  1 nodes.
      Class space:        1.00 GB reserved,     704.00 KB ( <1%) committed,  1 nodes.
             Both:        1.01 GB reserved,       7.06 MB ( <1%) committed. 

Chunk freelists:
   Non-Class:  1020.00 KB
       Class:  3.25 MB
        Both:  4.24 MB

MaxMetaspaceSize: unlimited
CompressedClassSpaceSize: 1.00 GB
Initial GC threshold: 21.00 MB
Current GC threshold: 21.00 MB
CDS: off
MetaspaceReclaimPolicy: balanced
 - commit_granule_bytes: 65536.
 - commit_granule_words: 8192.
 - virtual_space_node_default_size: 1048576.
 - enlarge_chunks_in_place: 1.
 - new_chunks_are_fully_committed: 0.
 - uncommit_free_chunks: 1.
 - use_allocation_guard: 0.
 - handle_deallocations: 1.


Internal statistics:

num_allocs_failed_limit: 0.
num_arena_births: 12.
num_arena_deaths: 0.
num_vsnodes_births: 2.
num_vsnodes_deaths: 0.
num_space_committed: 113.
num_space_uncommitted: 0.
num_chunks_returned_to_freelist: 0.
num_chunks_taken_from_freelist: 29.
num_chunk_merges: 0.
num_chunk_splits: 10.
num_chunks_enlarged: 3.
num_purges: 0.
num_inconsistent_stats: 0.

CodeHeap 'non-profiled nmethods': size=120000Kb used=64Kb max_used=64Kb free=119935Kb
 bounds [0x000001f53aae0000, 0x000001f53ad50000, 0x000001f542010000]
CodeHeap 'profiled nmethods': size=120000Kb used=282Kb max_used=282Kb free=119718Kb
 bounds [0x000001f5335b0000, 0x000001f533820000, 0x000001f53aae0000]
CodeHeap 'non-nmethods': size=5760Kb used=1121Kb max_used=1133Kb free=4638Kb
 bounds [0x000001f533010000, 0x000001f533280000, 0x000001f5335b0000]
 total_blobs=599 nmethods=212 adapters=300
 compilation: enabled
              stopped_count=0, restarted_count=0
 full_count=0

Compilation events (20 events):
Event: 0.165 Thread 0x000001f54a821430  202       3       sun.nio.fs.WindowsPathParser::isSlash (18 bytes)
Event: 0.165 Thread 0x000001f54a821430 nmethod 202 0x000001f5335f0510 code [0x000001f5335f06a0, 0x000001f5335f0818]
Event: 0.165 Thread 0x000001f54a821430  203       3       sun.nio.fs.WindowsPathParser::isInvalidPathChar (22 bytes)
Event: 0.165 Thread 0x000001f54a821430 nmethod 203 0x000001f5335f0890 code [0x000001f5335f0a60, 0x000001f5335f0da8]
Event: 0.168 Thread 0x000001f54a821430  204       3       java.lang.ref.Reference::reachabilityFence (1 bytes)
Event: 0.168 Thread 0x000001f54a821430 nmethod 204 0x000001f5335f0f10 code [0x000001f5335f10a0, 0x000001f5335f1198]
Event: 0.168 Thread 0x000001f54a821430  205       3       java.lang.invoke.MethodType::checkPtypes (76 bytes)
Event: 0.169 Thread 0x000001f54a821430 nmethod 205 0x000001f5335f1210 code [0x000001f5335f1480, 0x000001f5335f1dc8]
Event: 0.169 Thread 0x000001f54a821430  207       3       java.lang.String::replace (42 bytes)
Event: 0.169 Thread 0x000001f54a821430 nmethod 207 0x000001f5335f2190 code [0x000001f5335f2360, 0x000001f5335f2698]
Event: 0.171 Thread 0x000001f54a81f770  208       4       java.lang.String::equals (56 bytes)
Event: 0.172 Thread 0x000001f54a821430  210       3       java.util.StringTokenizer::scanToken (179 bytes)
Event: 0.172 Thread 0x000001f54a81f770 nmethod 208 0x000001f53aaeff10 code [0x000001f53aaf0080, 0x000001f53aaf0258]
Event: 0.173 Thread 0x000001f54a821430 nmethod 210 0x000001f5335f2790 code [0x000001f5335f2b00, 0x000001f5335f4118]
Event: 0.173 Thread 0x000001f54a821430  209       3       java.util.StringTokenizer::skipDelimiters (116 bytes)
Event: 0.173 Thread 0x000001f54a821430 nmethod 209 0x000001f5335f4910 code [0x000001f5335f4bc0, 0x000001f5335f58e8]
Event: 0.173 Thread 0x000001f54a821430  211       3       java.util.StringTokenizer::hasMoreTokens (29 bytes)
Event: 0.174 Thread 0x000001f54a821430 nmethod 211 0x000001f5335f5d90 code [0x000001f5335f5f40, 0x000001f5335f60e8]
Event: 0.174 Thread 0x000001f54a821430  212       3       java.util.StringTokenizer::nextToken (92 bytes)
Event: 0.174 Thread 0x000001f54a821430 nmethod 212 0x000001f5335f6190 code [0x000001f5335f6360, 0x000001f5335f6698]

GC Heap History (0 events):
No events

Deoptimization events (0 events):
No events

Classes unloaded (0 events):
No events

Classes redefined (0 events):
No events

Internal exceptions (1 events):
Event: 0.127 Thread 0x000001f52e19b590 Exception <a 'java/lang/NoSuchMethodError'{0x000000008de447a0}: 'void java.lang.invoke.DirectMethodHandle$Holder.invokeVirtual(java.lang.Object, java.lang.Object)'> (0x000000008de447a0) 
thrown [e:\jenkins\tmp\workspace\build\src\src\hotspot\share\interpreter\linkResolver.cpp, line 766]

VM Operations (2 events):
Event: 0.141 Executing VM operation: HandshakeAllThreads
Event: 0.141 Executing VM operation: HandshakeAllThreads done

Events (20 events):
Event: 0.175 loading class sun/util/resources/Bundles$1 done
Event: 0.175 loading class java/util/ResourceBundle$1
Event: 0.175 loading class jdk/internal/access/JavaUtilResourceBundleAccess
Event: 0.175 loading class jdk/internal/access/JavaUtilResourceBundleAccess done
Event: 0.175 loading class java/util/ResourceBundle$1 done
Event: 0.175 loading class java/util/ResourceBundle$2
Event: 0.175 loading class java/util/ResourceBundle$2 done
Event: 0.175 loading class sun/util/resources/Bundles$CacheKey
Event: 0.175 loading class sun/util/resources/Bundles$CacheKey done
Event: 0.175 loading class sun/util/resources/LocaleData$CommonResourceBundleProvider
Event: 0.175 loading class sun/util/resources/LocaleData$LocaleDataResourceBundleProvider
Event: 0.175 loading class java/util/spi/ResourceBundleProvider
Event: 0.175 loading class java/util/spi/ResourceBundleProvider done
Event: 0.175 loading class sun/util/resources/LocaleData$LocaleDataResourceBundleProvider done
Event: 0.175 loading class sun/util/resources/LocaleData$CommonResourceBundleProvider done
Event: 0.175 loading class java/util/ResourceBundle$NoFallbackControl
Event: 0.175 loading class java/util/ResourceBundle$SingleFormatControl
Event: 0.175 loading class java/util/ResourceBundle$SingleFormatControl done
Event: 0.175 loading class java/util/ResourceBundle$NoFallbackControl done
Event: 0.176 loading class java/util/LinkedList


Dynamic libraries:
0x00007ff6faa70000 - 0x00007ff6faa7e000 	C:\Users\upl_member\.p2\pool\plugins\org.eclipse.justj.openjdk.hotspot.jre.full.win32.x86_64_17.0.2.v20220201-1208\jre\bin\javaw.exe
0x00007ffedb860000 - 0x00007ffedba50000 	C:\WINDOWS\SYSTEM32\ntdll.dll
0x00007ffedab70000 - 0x00007ffedac22000 	C:\WINDOWS\System32\KERNEL32.DLL
0x00007ffed9300000 - 0x00007ffed95a5000 	C:\WINDOWS\System32\KERNELBASE.dll
0x00007ffed9780000 - 0x00007ffed987a000 	C:\WINDOWS\System32\ucrtbase.dll
0x00007ffec7380000 - 0x00007ffec7399000 	C:\Users\upl_member\.p2\pool\plugins\org.eclipse.justj.openjdk.hotspot.jre.full.win32.x86_64_17.0.2.v20220201-1208\jre\bin\VCRUNTIME140.dll
0x00007ffec8980000 - 0x00007ffec8998000 	C:\Users\upl_member\.p2\pool\plugins\org.eclipse.justj.openjdk.hotspot.jre.full.win32.x86_64_17.0.2.v20220201-1208\jre\bin\jli.dll
0x00007ffedb680000 - 0x00007ffedb814000 	C:\WINDOWS\System32\USER32.dll
0x00007ffed9280000 - 0x00007ffed92a1000 	C:\WINDOWS\System32\win32u.dll
0x00007ffedacc0000 - 0x00007ffedace6000 	C:\WINDOWS\System32\GDI32.dll
0x00007ffebc7c0000 - 0x00007ffebca44000 	C:\WINDOWS\WinSxS\amd64_microsoft.windows.common-controls_6595b64144ccf1df_6.0.18362.1556_none_9e7e372fe45e41d5\COMCTL32.dll
0x00007ffed95e0000 - 0x00007ffed9778000 	C:\WINDOWS\System32\gdi32full.dll
0x00007ffed87d0000 - 0x00007ffed886e000 	C:\WINDOWS\System32\msvcp_win.dll
0x00007ffed9cc0000 - 0x00007ffed9d5e000 	C:\WINDOWS\System32\msvcrt.dll
0x00007ffed9980000 - 0x00007ffed9cb6000 	C:\WINDOWS\System32\combase.dll
0x00007ffeda690000 - 0x00007ffeda7af000 	C:\WINDOWS\System32\RPCRT4.dll
0x00007ffed9880000 - 0x00007ffed9901000 	C:\WINDOWS\System32\bcryptPrimitives.dll
0x00007ffeda310000 - 0x00007ffeda33e000 	C:\WINDOWS\System32\IMM32.DLL
0x00007ffec9ed0000 - 0x00007ffec9edc000 	C:\Users\upl_member\.p2\pool\plugins\org.eclipse.justj.openjdk.hotspot.jre.full.win32.x86_64_17.0.2.v20220201-1208\jre\bin\vcruntime140_1.dll
0x00007ffeb7d20000 - 0x00007ffeb7db1000 	C:\Users\upl_member\.p2\pool\plugins\org.eclipse.justj.openjdk.hotspot.jre.full.win32.x86_64_17.0.2.v20220201-1208\jre\bin\msvcp140.dll
0x00007ffe8fcb0000 - 0x00007ffe908f7000 	C:\Users\upl_member\.p2\pool\plugins\org.eclipse.justj.openjdk.hotspot.jre.full.win32.x86_64_17.0.2.v20220201-1208\jre\bin\server\jvm.dll
0x00007ffedb4b0000 - 0x00007ffedb553000 	C:\WINDOWS\System32\ADVAPI32.dll
0x00007ffeda7b0000 - 0x00007ffeda847000 	C:\WINDOWS\System32\sechost.dll
0x00007ffed9d60000 - 0x00007ffed9d68000 	C:\WINDOWS\System32\PSAPI.DLL
0x00007ffed0700000 - 0x00007ffed0709000 	C:\WINDOWS\SYSTEM32\WSOCK32.dll
0x00007ffed1ca0000 - 0x00007ffed1cc4000 	C:\WINDOWS\SYSTEM32\WINMM.dll
0x00007ffecd600000 - 0x00007ffecd60a000 	C:\WINDOWS\SYSTEM32\VERSION.dll
0x00007ffedb610000 - 0x00007ffedb67f000 	C:\WINDOWS\System32\WS2_32.dll
0x00007ffed1c70000 - 0x00007ffed1c9d000 	C:\WINDOWS\SYSTEM32\WINMMBASE.dll
0x00007ffed92b0000 - 0x00007ffed92fa000 	C:\WINDOWS\System32\cfgmgr32.dll
0x00007ffed8720000 - 0x00007ffed8731000 	C:\WINDOWS\System32\kernel.appcore.dll
0x00007ffecf610000 - 0x00007ffecf61a000 	C:\Users\upl_member\.p2\pool\plugins\org.eclipse.justj.openjdk.hotspot.jre.full.win32.x86_64_17.0.2.v20220201-1208\jre\bin\jimage.dll
0x00007ffed70b0000 - 0x00007ffed72a4000 	C:\WINDOWS\SYSTEM32\DBGHELP.DLL
0x00007ffebd220000 - 0x00007ffebd24a000 	C:\WINDOWS\SYSTEM32\dbgcore.DLL
0x00007ffec9da0000 - 0x00007ffec9dc5000 	C:\Users\upl_member\.p2\pool\plugins\org.eclipse.justj.openjdk.hotspot.jre.full.win32.x86_64_17.0.2.v20220201-1208\jre\bin\java.dll
0x00007ffec95a0000 - 0x00007ffec95b8000 	C:\Users\upl_member\.p2\pool\plugins\org.eclipse.justj.openjdk.hotspot.jre.full.win32.x86_64_17.0.2.v20220201-1208\jre\bin\zip.dll
0x00007ffedacf0000 - 0x00007ffedb3d7000 	C:\WINDOWS\System32\SHELL32.dll
0x00007ffed9d70000 - 0x00007ffed9e18000 	C:\WINDOWS\System32\shcore.dll
0x00007ffed88f0000 - 0x00007ffed906b000 	C:\WINDOWS\System32\windows.storage.dll
0x00007ffed8790000 - 0x00007ffed87ae000 	C:\WINDOWS\System32\profapi.dll
0x00007ffed8740000 - 0x00007ffed878a000 	C:\WINDOWS\System32\powrprof.dll
0x00007ffed8710000 - 0x00007ffed8720000 	C:\WINDOWS\System32\UMPDC.dll
0x00007ffed9910000 - 0x00007ffed9962000 	C:\WINDOWS\System32\shlwapi.dll
0x00007ffed88d0000 - 0x00007ffed88e7000 	C:\WINDOWS\System32\cryptsp.dll
0x00007ffec8e30000 - 0x00007ffec8e49000 	C:\Users\upl_member\.p2\pool\plugins\org.eclipse.justj.openjdk.hotspot.jre.full.win32.x86_64_17.0.2.v20220201-1208\jre\bin\net.dll
0x00007ffed0fb0000 - 0x00007ffed10aa000 	C:\WINDOWS\SYSTEM32\WINHTTP.dll
0x00007ffed7f50000 - 0x00007ffed7fb7000 	C:\WINDOWS\system32\mswsock.dll
0x00007ffec8c00000 - 0x00007ffec8c15000 	C:\Users\upl_member\.p2\pool\plugins\org.eclipse.justj.openjdk.hotspot.jre.full.win32.x86_64_17.0.2.v20220201-1208\jre\bin\nio.dll

dbghelp: loaded successfully - version: 4.0.5 - missing functions: none
symbol engine: initialized successfully - sym options: 0x614 - pdb path: .;C:\Users\upl_member\.p2\pool\plugins\org.eclipse.justj.openjdk.hotspot.jre.full.win32.x86_64_17.0.2.v20220201-1208\jre\bin;C:\WINDOWS\SYSTEM32;C:\WINDOWS\WinSxS\amd64_microsoft.windows.common-controls_6595b64144ccf1df_6.0.18362.1556_none_9e7e372fe45e41d5;C:\Users\upl_member\.p2\pool\plugins\org.eclipse.justj.openjdk.hotspot.jre.full.win32.x86_64_17.0.2.v20220201-1208\jre\bin\server

VM Arguments:
jvm_args: -Dfile.encoding=MS932 --module-path=C:\Users\upl_member\Desktop\Pokemon\education-2022\POKE\bin -XX:+ShowCodeDetailsInExceptionMessages -Djdk.module.main=POKE 
java_command: POKE/pokemon.Main
java_class_path (initial): <not set>
Launcher Type: SUN_STANDARD

[Global flags]
     intx CICompilerCount                          = 4                                         {product} {ergonomic}
     uint ConcGCThreads                            = 2                                         {product} {ergonomic}
     uint G1ConcRefinementThreads                  = 8                                         {product} {ergonomic}
   size_t G1HeapRegionSize                         = 1048576                                   {product} {ergonomic}
    uintx GCDrainStackTargetSize                   = 64                                        {product} {ergonomic}
   size_t InitialHeapSize                          = 127926272                                 {product} {ergonomic}
   size_t MarkStackSize                            = 4194304                                   {product} {ergonomic}
   size_t MaxHeapSize                              = 2040528896                                {product} {ergonomic}
   size_t MaxNewSize                               = 1223688192                                {product} {ergonomic}
   size_t MinHeapDeltaBytes                        = 1048576                                   {product} {ergonomic}
   size_t MinHeapSize                              = 8388608                                   {product} {ergonomic}
    uintx NonNMethodCodeHeapSize                   = 5839372                                {pd product} {ergonomic}
    uintx NonProfiledCodeHeapSize                  = 122909434                              {pd product} {ergonomic}
    uintx ProfiledCodeHeapSize                     = 122909434                              {pd product} {ergonomic}
    uintx ReservedCodeCacheSize                    = 251658240                              {pd product} {ergonomic}
     bool SegmentedCodeCache                       = true                                      {product} {ergonomic}
     bool ShowCodeDetailsInExceptionMessages       = true                                   {manageable} {command line}
   size_t SoftMaxHeapSize                          = 2040528896                             {manageable} {ergonomic}
     bool UseCompressedClassPointers               = true                           {product lp64_product} {ergonomic}
     bool UseCompressedOops                        = true                           {product lp64_product} {ergonomic}
     bool UseG1GC                                  = true                                      {product} {ergonomic}
     bool UseLargePagesIndividualAllocation        = false                                  {pd product} {ergonomic}

Logging:
Log output configuration:
 #0: stdout all=warning uptime,level,tags
 #1: stderr all=off uptime,level,tags

Environment Variables:
PATH=C:/Users/upl_member/.p2/pool/plugins/org.eclipse.justj.openjdk.hotspot.jre.full.win32.x86_64_17.0.2.v20220201-1208/jre/bin/server;C:/Users/upl_member/.p2/pool/plugins/org.eclipse.justj.openjdk.hotspot.jre.full.win32.x86_64_17.0.2.v20220201-1208/jre/bin;C:\Program Files\Common Files\Oracle\Java\javapath;C:\WINDOWS\system32;C:\WINDOWS;C:\WINDOWS\System32\Wbem;C:\WINDOWS\System32\WindowsPowerShell\v1.0\;C:\WINDOWS\System32\OpenSSH\;C:\Program Files\Git\cmd;C:\Users\upl_member\AppData\Local\Microsoft\WindowsApps;;C:\Users\upl_member\Desktop;
USERNAME=upl_member
OS=Windows_NT
PROCESSOR_IDENTIFIER=Intel64 Family 6 Model 126 Stepping 5, GenuineIntel



---------------  S Y S T E M  ---------------

OS:
 Windows 10 , 64 bit Build 18362 (10.0.18362.1500)
OS uptime: 122 days 0:28 hours

CPU: total 8 (initial active 8) (4 cores per cpu, 2 threads per core) family 6 model 126 stepping 5 microcode 0xa6, cx8, cmov, fxsr, ht, mmx, 3dnowpref, sse, sse2, sse3, ssse3, sse4.1, sse4.2, popcnt, lzcnt, tsc, tscinvbit, avx, avx2, aes, erms, clmul, bmi1, bmi2, adx, avx512f, avx512dq, avx512cd, avx512bw, avx512vl, sha, fma, vzeroupper, avx512_vpopcntdq, avx512_vpclmulqdq, avx512_vaes, avx512_vnni, clflush, clflushopt, avx512_vbmi2, avx512_vbmi

Memory: 4k page, system-wide physical 7778M (1478M free)
TotalPageFile size 22892M (AvailPageFile size 5M)
current process WorkingSet (physical memory assigned to process): 36M, peak: 36M
current process commit charge ("private bytes"): 200M, peak: 200M

vm_info: OpenJDK 64-Bit Server VM (17.0.2+8) for windows-amd64 JRE (17.0.2+8), built on Jan 20 2022 04:52:34 by "" with MS VC++ 16.7 (VS2019)

END.
